[0.147s] DEBUG:colcon:Command line arguments: ['/usr/bin/colcon', 'build']
[0.147s] DEBUG:colcon:Parsed command line arguments: Namespace(log_base=None, log_level=None, verb_name='build', build_base='build', install_base='install', merge_install=False, symlink_install=False, test_result_base=None, continue_on_error=False, executor='parallel', parallel_workers=16, event_handlers=None, ignore_user_meta=False, metas=['./colcon.meta'], base_paths=['.'], packages_ignore=None, packages_ignore_regex=None, paths=None, packages_up_to=None, packages_up_to_regex=None, packages_above=None, packages_above_and_dependencies=None, packages_above_depth=None, packages_select_by_dep=None, packages_skip_by_dep=None, packages_skip_up_to=None, packages_select_build_failed=False, packages_skip_build_finished=False, packages_select_test_failures=False, packages_skip_test_passed=False, packages_select=None, packages_skip=None, packages_select_regex=None, packages_skip_regex=None, packages_start=None, packages_end=None, allow_overriding=[], cmake_args=None, cmake_target=None, cmake_target_skip_unavailable=False, cmake_clean_cache=False, cmake_clean_first=False, cmake_force_configure=False, ament_cmake_args=None, catkin_cmake_args=None, catkin_skip_building_tests=False, mixin_files=None, mixin=None, verb_parser=<colcon_mixin.mixin.mixin_argument.MixinArgumentDecorator object at 0x7a1538a9a630>, verb_extension=<colcon_core.verb.build.BuildVerb object at 0x7a1538bc67e0>, main=<bound method BuildVerb.main of <colcon_core.verb.build.BuildVerb object at 0x7a1538bc67e0>>, mixin_verb=('build',))
[0.195s] Level 1:colcon.colcon_core.package_discovery:discover_packages(colcon_meta) check parameters
[0.196s] Level 1:colcon.colcon_core.package_discovery:discover_packages(recursive) check parameters
[0.196s] Level 1:colcon.colcon_core.package_discovery:discover_packages(ignore) check parameters
[0.196s] Level 1:colcon.colcon_core.package_discovery:discover_packages(path) check parameters
[0.196s] Level 1:colcon.colcon_core.package_discovery:discover_packages(colcon_meta) discover
[0.196s] Level 1:colcon.colcon_core.package_discovery:discover_packages(recursive) discover
[0.196s] INFO:colcon.colcon_core.package_discovery:Crawling recursively for packages in '/home/bobbili-jiten-reddy/nidar_ws'
[0.196s] Level 1:colcon.colcon_core.package_identification:_identify(.) by extensions ['ignore', 'ignore_ament_install']
[0.196s] Level 1:colcon.colcon_core.package_identification:_identify(.) by extension 'ignore'
[0.196s] Level 1:colcon.colcon_core.package_identification:_identify(.) by extension 'ignore_ament_install'
[0.196s] Level 1:colcon.colcon_core.package_identification:_identify(.) by extensions ['colcon_pkg']
[0.196s] Level 1:colcon.colcon_core.package_identification:_identify(.) by extension 'colcon_pkg'
[0.196s] Level 1:colcon.colcon_core.package_identification:_identify(.) by extensions ['colcon_meta']
[0.196s] Level 1:colcon.colcon_core.package_identification:_identify(.) by extension 'colcon_meta'
[0.196s] Level 1:colcon.colcon_core.package_identification:_identify(.) by extensions ['ros']
[0.196s] Level 1:colcon.colcon_core.package_identification:_identify(.) by extension 'ros'
[0.218s] Level 1:colcon.colcon_core.package_identification:_identify(.) by extensions ['cmake', 'python']
[0.218s] Level 1:colcon.colcon_core.package_identification:_identify(.) by extension 'cmake'
[0.218s] Level 1:colcon.colcon_core.package_identification:_identify(.) by extension 'python'
[0.218s] Level 1:colcon.colcon_core.package_identification:_identify(.) by extensions ['python_setup_py']
[0.218s] Level 1:colcon.colcon_core.package_identification:_identify(.) by extension 'python_setup_py'
[0.219s] Level 1:colcon.colcon_core.package_identification:_identify(build) by extensions ['ignore', 'ignore_ament_install']
[0.219s] Level 1:colcon.colcon_core.package_identification:_identify(build) by extension 'ignore'
[0.219s] Level 1:colcon.colcon_core.package_identification:_identify(build) ignored
[0.219s] Level 1:colcon.colcon_core.package_identification:_identify(install) by extensions ['ignore', 'ignore_ament_install']
[0.219s] Level 1:colcon.colcon_core.package_identification:_identify(install) by extension 'ignore'
[0.219s] Level 1:colcon.colcon_core.package_identification:_identify(install) ignored
[0.219s] Level 1:colcon.colcon_core.package_identification:_identify(log) by extensions ['ignore', 'ignore_ament_install']
[0.220s] Level 1:colcon.colcon_core.package_identification:_identify(log) by extension 'ignore'
[0.220s] Level 1:colcon.colcon_core.package_identification:_identify(log) ignored
[0.220s] Level 1:colcon.colcon_core.package_identification:_identify(src) by extensions ['ignore', 'ignore_ament_install']
[0.220s] Level 1:colcon.colcon_core.package_identification:_identify(src) by extension 'ignore'
[0.220s] Level 1:colcon.colcon_core.package_identification:_identify(src) by extension 'ignore_ament_install'
[0.220s] Level 1:colcon.colcon_core.package_identification:_identify(src) by extensions ['colcon_pkg']
[0.220s] Level 1:colcon.colcon_core.package_identification:_identify(src) by extension 'colcon_pkg'
[0.220s] Level 1:colcon.colcon_core.package_identification:_identify(src) by extensions ['colcon_meta']
[0.220s] Level 1:colcon.colcon_core.package_identification:_identify(src) by extension 'colcon_meta'
[0.220s] Level 1:colcon.colcon_core.package_identification:_identify(src) by extensions ['ros']
[0.220s] Level 1:colcon.colcon_core.package_identification:_identify(src) by extension 'ros'
[0.220s] Level 1:colcon.colcon_core.package_identification:_identify(src) by extensions ['cmake', 'python']
[0.220s] Level 1:colcon.colcon_core.package_identification:_identify(src) by extension 'cmake'
[0.220s] Level 1:colcon.colcon_core.package_identification:_identify(src) by extension 'python'
[0.220s] Level 1:colcon.colcon_core.package_identification:_identify(src) by extensions ['python_setup_py']
[0.220s] Level 1:colcon.colcon_core.package_identification:_identify(src) by extension 'python_setup_py'
[0.220s] Level 1:colcon.colcon_core.package_identification:_identify(src/my_pkg) by extensions ['ignore', 'ignore_ament_install']
[0.220s] Level 1:colcon.colcon_core.package_identification:_identify(src/my_pkg) by extension 'ignore'
[0.220s] Level 1:colcon.colcon_core.package_identification:_identify(src/my_pkg) by extension 'ignore_ament_install'
[0.220s] Level 1:colcon.colcon_core.package_identification:_identify(src/my_pkg) by extensions ['colcon_pkg']
[0.220s] Level 1:colcon.colcon_core.package_identification:_identify(src/my_pkg) by extension 'colcon_pkg'
[0.220s] Level 1:colcon.colcon_core.package_identification:_identify(src/my_pkg) by extensions ['colcon_meta']
[0.220s] Level 1:colcon.colcon_core.package_identification:_identify(src/my_pkg) by extension 'colcon_meta'
[0.220s] Level 1:colcon.colcon_core.package_identification:_identify(src/my_pkg) by extensions ['ros']
[0.220s] Level 1:colcon.colcon_core.package_identification:_identify(src/my_pkg) by extension 'ros'
[0.223s] DEBUG:colcon.colcon_core.package_identification:Package 'src/my_pkg' with type 'ros.ament_python' and name 'my_pkg'
[0.223s] Level 1:colcon.colcon_core.package_identification:_identify(src/px4_msgs) by extensions ['ignore', 'ignore_ament_install']
[0.223s] Level 1:colcon.colcon_core.package_identification:_identify(src/px4_msgs) by extension 'ignore'
[0.223s] Level 1:colcon.colcon_core.package_identification:_identify(src/px4_msgs) by extension 'ignore_ament_install'
[0.223s] Level 1:colcon.colcon_core.package_identification:_identify(src/px4_msgs) by extensions ['colcon_pkg']
[0.224s] Level 1:colcon.colcon_core.package_identification:_identify(src/px4_msgs) by extension 'colcon_pkg'
[0.224s] Level 1:colcon.colcon_core.package_identification:_identify(src/px4_msgs) by extensions ['colcon_meta']
[0.224s] Level 1:colcon.colcon_core.package_identification:_identify(src/px4_msgs) by extension 'colcon_meta'
[0.224s] Level 1:colcon.colcon_core.package_identification:_identify(src/px4_msgs) by extensions ['ros']
[0.224s] Level 1:colcon.colcon_core.package_identification:_identify(src/px4_msgs) by extension 'ros'
[0.224s] DEBUG:colcon.colcon_core.package_identification:Package 'src/px4_msgs' with type 'ros.ament_cmake' and name 'px4_msgs'
[0.224s] Level 1:colcon.colcon_core.package_identification:_identify(src/px4_ros_com) by extensions ['ignore', 'ignore_ament_install']
[0.225s] Level 1:colcon.colcon_core.package_identification:_identify(src/px4_ros_com) by extension 'ignore'
[0.225s] Level 1:colcon.colcon_core.package_identification:_identify(src/px4_ros_com) by extension 'ignore_ament_install'
[0.225s] Level 1:colcon.colcon_core.package_identification:_identify(src/px4_ros_com) by extensions ['colcon_pkg']
[0.225s] Level 1:colcon.colcon_core.package_identification:_identify(src/px4_ros_com) by extension 'colcon_pkg'
[0.225s] Level 1:colcon.colcon_core.package_identification:_identify(src/px4_ros_com) by extensions ['colcon_meta']
[0.225s] Level 1:colcon.colcon_core.package_identification:_identify(src/px4_ros_com) by extension 'colcon_meta'
[0.225s] Level 1:colcon.colcon_core.package_identification:_identify(src/px4_ros_com) by extensions ['ros']
[0.225s] Level 1:colcon.colcon_core.package_identification:_identify(src/px4_ros_com) by extension 'ros'
[0.226s] DEBUG:colcon.colcon_core.package_identification:Package 'src/px4_ros_com' with type 'ros.ament_cmake' and name 'px4_ros_com'
[0.226s] Level 1:colcon.colcon_core.package_discovery:discover_packages(recursive) using defaults
[0.226s] Level 1:colcon.colcon_core.package_discovery:discover_packages(ignore) discover
[0.226s] Level 1:colcon.colcon_core.package_discovery:discover_packages(ignore) using defaults
[0.226s] Level 1:colcon.colcon_core.package_discovery:discover_packages(path) discover
[0.226s] Level 1:colcon.colcon_core.package_discovery:discover_packages(path) using defaults
[0.244s] Level 1:colcon.colcon_core.package_discovery:discover_packages(prefix_path) check parameters
[0.244s] Level 1:colcon.colcon_core.package_discovery:discover_packages(prefix_path) discover
[0.245s] DEBUG:colcon.colcon_installed_package_information.package_discovery:Found 2 installed packages in /home/bobbili-jiten-reddy/nidar_ws/install
[0.247s] DEBUG:colcon.colcon_installed_package_information.package_discovery:Found 357 installed packages in /opt/ros/jazzy
[0.249s] Level 1:colcon.colcon_core.package_discovery:discover_packages(prefix_path) using defaults
[0.292s] Level 5:colcon.colcon_core.verb:set package 'my_pkg' build argument 'cmake_args' from command line to 'None'
[0.292s] Level 5:colcon.colcon_core.verb:set package 'my_pkg' build argument 'cmake_target' from command line to 'None'
[0.292s] Level 5:colcon.colcon_core.verb:set package 'my_pkg' build argument 'cmake_target_skip_unavailable' from command line to 'False'
[0.292s] Level 5:colcon.colcon_core.verb:set package 'my_pkg' build argument 'cmake_clean_cache' from command line to 'False'
[0.292s] Level 5:colcon.colcon_core.verb:set package 'my_pkg' build argument 'cmake_clean_first' from command line to 'False'
[0.292s] Level 5:colcon.colcon_core.verb:set package 'my_pkg' build argument 'cmake_force_configure' from command line to 'False'
[0.292s] Level 5:colcon.colcon_core.verb:set package 'my_pkg' build argument 'ament_cmake_args' from command line to 'None'
[0.292s] Level 5:colcon.colcon_core.verb:set package 'my_pkg' build argument 'catkin_cmake_args' from command line to 'None'
[0.292s] Level 5:colcon.colcon_core.verb:set package 'my_pkg' build argument 'catkin_skip_building_tests' from command line to 'False'
[0.292s] DEBUG:colcon.colcon_core.verb:Building package 'my_pkg' with the following arguments: {'ament_cmake_args': None, 'build_base': '/home/bobbili-jiten-reddy/nidar_ws/build/my_pkg', 'catkin_cmake_args': None, 'catkin_skip_building_tests': False, 'cmake_args': None, 'cmake_clean_cache': False, 'cmake_clean_first': False, 'cmake_force_configure': False, 'cmake_target': None, 'cmake_target_skip_unavailable': False, 'install_base': '/home/bobbili-jiten-reddy/nidar_ws/install/my_pkg', 'merge_install': False, 'path': '/home/bobbili-jiten-reddy/nidar_ws/src/my_pkg', 'symlink_install': False, 'test_result_base': None}
[0.292s] Level 5:colcon.colcon_core.verb:set package 'px4_msgs' build argument 'cmake_args' from command line to 'None'
[0.292s] Level 5:colcon.colcon_core.verb:set package 'px4_msgs' build argument 'cmake_target' from command line to 'None'
[0.292s] Level 5:colcon.colcon_core.verb:set package 'px4_msgs' build argument 'cmake_target_skip_unavailable' from command line to 'False'
[0.292s] Level 5:colcon.colcon_core.verb:set package 'px4_msgs' build argument 'cmake_clean_cache' from command line to 'False'
[0.292s] Level 5:colcon.colcon_core.verb:set package 'px4_msgs' build argument 'cmake_clean_first' from command line to 'False'
[0.292s] Level 5:colcon.colcon_core.verb:set package 'px4_msgs' build argument 'cmake_force_configure' from command line to 'False'
[0.292s] Level 5:colcon.colcon_core.verb:set package 'px4_msgs' build argument 'ament_cmake_args' from command line to 'None'
[0.292s] Level 5:colcon.colcon_core.verb:set package 'px4_msgs' build argument 'catkin_cmake_args' from command line to 'None'
[0.292s] Level 5:colcon.colcon_core.verb:set package 'px4_msgs' build argument 'catkin_skip_building_tests' from command line to 'False'
[0.292s] DEBUG:colcon.colcon_core.verb:Building package 'px4_msgs' with the following arguments: {'ament_cmake_args': None, 'build_base': '/home/bobbili-jiten-reddy/nidar_ws/build/px4_msgs', 'catkin_cmake_args': None, 'catkin_skip_building_tests': False, 'cmake_args': None, 'cmake_clean_cache': False, 'cmake_clean_first': False, 'cmake_force_configure': False, 'cmake_target': None, 'cmake_target_skip_unavailable': False, 'install_base': '/home/bobbili-jiten-reddy/nidar_ws/install/px4_msgs', 'merge_install': False, 'path': '/home/bobbili-jiten-reddy/nidar_ws/src/px4_msgs', 'symlink_install': False, 'test_result_base': None}
[0.293s] Level 5:colcon.colcon_core.verb:set package 'px4_ros_com' build argument 'cmake_args' from command line to 'None'
[0.293s] Level 5:colcon.colcon_core.verb:set package 'px4_ros_com' build argument 'cmake_target' from command line to 'None'
[0.293s] Level 5:colcon.colcon_core.verb:set package 'px4_ros_com' build argument 'cmake_target_skip_unavailable' from command line to 'False'
[0.293s] Level 5:colcon.colcon_core.verb:set package 'px4_ros_com' build argument 'cmake_clean_cache' from command line to 'False'
[0.293s] Level 5:colcon.colcon_core.verb:set package 'px4_ros_com' build argument 'cmake_clean_first' from command line to 'False'
[0.293s] Level 5:colcon.colcon_core.verb:set package 'px4_ros_com' build argument 'cmake_force_configure' from command line to 'False'
[0.293s] Level 5:colcon.colcon_core.verb:set package 'px4_ros_com' build argument 'ament_cmake_args' from command line to 'None'
[0.293s] Level 5:colcon.colcon_core.verb:set package 'px4_ros_com' build argument 'catkin_cmake_args' from command line to 'None'
[0.293s] Level 5:colcon.colcon_core.verb:set package 'px4_ros_com' build argument 'catkin_skip_building_tests' from command line to 'False'
[0.293s] DEBUG:colcon.colcon_core.verb:Building package 'px4_ros_com' with the following arguments: {'ament_cmake_args': None, 'build_base': '/home/bobbili-jiten-reddy/nidar_ws/build/px4_ros_com', 'catkin_cmake_args': None, 'catkin_skip_building_tests': False, 'cmake_args': None, 'cmake_clean_cache': False, 'cmake_clean_first': False, 'cmake_force_configure': False, 'cmake_target': None, 'cmake_target_skip_unavailable': False, 'install_base': '/home/bobbili-jiten-reddy/nidar_ws/install/px4_ros_com', 'merge_install': False, 'path': '/home/bobbili-jiten-reddy/nidar_ws/src/px4_ros_com', 'symlink_install': False, 'test_result_base': None}
[0.293s] INFO:colcon.colcon_core.executor:Executing jobs using 'parallel' executor
[0.294s] DEBUG:colcon.colcon_parallel_executor.executor.parallel:run_until_complete
[0.294s] INFO:colcon.colcon_ros.task.ament_cmake.build:Building ROS package in '/home/bobbili-jiten-reddy/nidar_ws/src/px4_msgs' with build type 'ament_cmake'
[0.294s] INFO:colcon.colcon_cmake.task.cmake.build:Building CMake package in '/home/bobbili-jiten-reddy/nidar_ws/src/px4_msgs'
[0.297s] INFO:colcon.colcon_core.plugin_system:Skipping extension 'colcon_core.shell.bat': Not used on non-Windows systems
[0.297s] INFO:colcon.colcon_core.shell:Skip shell extension 'powershell' for command environment: Not usable outside of PowerShell
[0.297s] DEBUG:colcon.colcon_core.shell:Skip shell extension 'dsv' for command environment
[0.300s] INFO:colcon.colcon_ros.task.ament_python.build:Building ROS package in '/home/bobbili-jiten-reddy/nidar_ws/src/my_pkg' with build type 'ament_python'
[0.300s] Level 1:colcon.colcon_core.shell:create_environment_hook('my_pkg', 'ament_prefix_path')
[0.300s] INFO:colcon.colcon_core.shell:Creating environment hook '/home/bobbili-jiten-reddy/nidar_ws/install/my_pkg/share/my_pkg/hook/ament_prefix_path.ps1'
[0.301s] INFO:colcon.colcon_core.shell:Creating environment descriptor '/home/bobbili-jiten-reddy/nidar_ws/install/my_pkg/share/my_pkg/hook/ament_prefix_path.dsv'
[0.301s] INFO:colcon.colcon_core.shell:Creating environment hook '/home/bobbili-jiten-reddy/nidar_ws/install/my_pkg/share/my_pkg/hook/ament_prefix_path.sh'
[0.302s] INFO:colcon.colcon_core.shell:Skip shell extension 'powershell' for command environment: Not usable outside of PowerShell
[0.302s] DEBUG:colcon.colcon_core.shell:Skip shell extension 'dsv' for command environment
[0.310s] DEBUG:colcon.colcon_core.event_handler.log_command:Invoking command in '/home/bobbili-jiten-reddy/nidar_ws/build/px4_msgs': CMAKE_PREFIX_PATH=${CMAKE_PREFIX_PATH}:/opt/ros/jazzy DEBUGINFOD_URLS=https://debuginfod.ubuntu.com /usr/bin/cmake --build /home/bobbili-jiten-reddy/nidar_ws/build/px4_msgs -- -j16 -l16
[0.506s] INFO:colcon.colcon_core.task.python.build:Building Python package in '/home/bobbili-jiten-reddy/nidar_ws/src/my_pkg'
[0.507s] INFO:colcon.colcon_core.shell:Skip shell extension 'powershell' for command environment: Not usable outside of PowerShell
[0.507s] DEBUG:colcon.colcon_core.shell:Skip shell extension 'dsv' for command environment
[1.174s] DEBUG:colcon.colcon_core.event_handler.log_command:Invoking command in '/home/bobbili-jiten-reddy/nidar_ws/src/my_pkg': DEBUGINFOD_URLS=https://debuginfod.ubuntu.com PYTHONPATH=/home/bobbili-jiten-reddy/nidar_ws/build/my_pkg/prefix_override:/usr/lib/python3/dist-packages/colcon_core/task/python/colcon_distutils_commands:/home/bobbili-jiten-reddy/nidar_ws/install/my_pkg/lib/python3.12/site-packages:${PYTHONPATH} /usr/bin/python3 -W ignore:setup.py install is deprecated -W ignore:easy_install command is deprecated setup.py egg_info --egg-base ../../build/my_pkg build --build-base /home/bobbili-jiten-reddy/nidar_ws/build/my_pkg/build install --record /home/bobbili-jiten-reddy/nidar_ws/build/my_pkg/install.log --single-version-externally-managed install_data
[1.717s] DEBUG:colcon.colcon_core.event_handler.log_command:Invoked command in '/home/bobbili-jiten-reddy/nidar_ws/src/my_pkg' returned '0': DEBUGINFOD_URLS=https://debuginfod.ubuntu.com PYTHONPATH=/home/bobbili-jiten-reddy/nidar_ws/build/my_pkg/prefix_override:/usr/lib/python3/dist-packages/colcon_core/task/python/colcon_distutils_commands:/home/bobbili-jiten-reddy/nidar_ws/install/my_pkg/lib/python3.12/site-packages:${PYTHONPATH} /usr/bin/python3 -W ignore:setup.py install is deprecated -W ignore:easy_install command is deprecated setup.py egg_info --egg-base ../../build/my_pkg build --build-base /home/bobbili-jiten-reddy/nidar_ws/build/my_pkg/build install --record /home/bobbili-jiten-reddy/nidar_ws/build/my_pkg/install.log --single-version-externally-managed install_data
[1.720s] Level 1:colcon.colcon_core.environment:checking '/home/bobbili-jiten-reddy/nidar_ws/install/my_pkg' for CMake module files
[1.720s] Level 1:colcon.colcon_core.environment:checking '/home/bobbili-jiten-reddy/nidar_ws/install/my_pkg' for CMake config files
[1.721s] Level 1:colcon.colcon_core.environment:checking '/home/bobbili-jiten-reddy/nidar_ws/install/my_pkg/lib'
[1.721s] Level 1:colcon.colcon_core.environment:checking '/home/bobbili-jiten-reddy/nidar_ws/install/my_pkg/bin'
[1.721s] Level 1:colcon.colcon_core.environment:checking '/home/bobbili-jiten-reddy/nidar_ws/install/my_pkg/lib/pkgconfig/my_pkg.pc'
[1.721s] Level 1:colcon.colcon_core.environment:checking '/home/bobbili-jiten-reddy/nidar_ws/install/my_pkg/lib/python3.12/site-packages'
[1.721s] Level 1:colcon.colcon_core.shell:create_environment_hook('my_pkg', 'pythonpath')
[1.721s] INFO:colcon.colcon_core.shell:Creating environment hook '/home/bobbili-jiten-reddy/nidar_ws/install/my_pkg/share/my_pkg/hook/pythonpath.ps1'
[1.722s] INFO:colcon.colcon_core.shell:Creating environment descriptor '/home/bobbili-jiten-reddy/nidar_ws/install/my_pkg/share/my_pkg/hook/pythonpath.dsv'
[1.722s] INFO:colcon.colcon_core.shell:Creating environment hook '/home/bobbili-jiten-reddy/nidar_ws/install/my_pkg/share/my_pkg/hook/pythonpath.sh'
[1.723s] Level 1:colcon.colcon_core.environment:checking '/home/bobbili-jiten-reddy/nidar_ws/install/my_pkg/bin'
[1.723s] Level 1:colcon.colcon_core.environment:create_environment_scripts_only(my_pkg)
[1.723s] INFO:colcon.colcon_core.shell:Creating package script '/home/bobbili-jiten-reddy/nidar_ws/install/my_pkg/share/my_pkg/package.ps1'
[1.724s] INFO:colcon.colcon_core.shell:Creating package descriptor '/home/bobbili-jiten-reddy/nidar_ws/install/my_pkg/share/my_pkg/package.dsv'
[1.724s] INFO:colcon.colcon_core.shell:Creating package script '/home/bobbili-jiten-reddy/nidar_ws/install/my_pkg/share/my_pkg/package.sh'
[1.724s] INFO:colcon.colcon_core.shell:Creating package script '/home/bobbili-jiten-reddy/nidar_ws/install/my_pkg/share/my_pkg/package.bash'
[1.725s] INFO:colcon.colcon_core.shell:Creating package script '/home/bobbili-jiten-reddy/nidar_ws/install/my_pkg/share/my_pkg/package.zsh'
[1.725s] Level 1:colcon.colcon_core.environment:create_file_with_runtime_dependencies(/home/bobbili-jiten-reddy/nidar_ws/install/my_pkg/share/colcon-core/packages/my_pkg)
[2.506s] DEBUG:colcon.colcon_core.event_handler.log_command:Invoked command in '/home/bobbili-jiten-reddy/nidar_ws/build/px4_msgs' returned '0': CMAKE_PREFIX_PATH=${CMAKE_PREFIX_PATH}:/opt/ros/jazzy DEBUGINFOD_URLS=https://debuginfod.ubuntu.com /usr/bin/cmake --build /home/bobbili-jiten-reddy/nidar_ws/build/px4_msgs -- -j16 -l16
[2.518s] DEBUG:colcon.colcon_core.event_handler.log_command:Invoking command in '/home/bobbili-jiten-reddy/nidar_ws/build/px4_msgs': CMAKE_PREFIX_PATH=${CMAKE_PREFIX_PATH}:/opt/ros/jazzy DEBUGINFOD_URLS=https://debuginfod.ubuntu.com /usr/bin/cmake --install /home/bobbili-jiten-reddy/nidar_ws/build/px4_msgs
[3.083s] Level 1:colcon.colcon_core.environment:create_environment_scripts_only(px4_msgs)
[3.084s] Level 1:colcon.colcon_core.environment:checking '/home/bobbili-jiten-reddy/nidar_ws/install/px4_msgs' for CMake module files
[3.084s] DEBUG:colcon.colcon_core.event_handler.log_command:Invoked command in '/home/bobbili-jiten-reddy/nidar_ws/build/px4_msgs' returned '0': CMAKE_PREFIX_PATH=${CMAKE_PREFIX_PATH}:/opt/ros/jazzy DEBUGINFOD_URLS=https://debuginfod.ubuntu.com /usr/bin/cmake --install /home/bobbili-jiten-reddy/nidar_ws/build/px4_msgs
[3.085s] Level 1:colcon.colcon_core.environment:checking '/home/bobbili-jiten-reddy/nidar_ws/install/px4_msgs' for CMake config files
[3.087s] Level 1:colcon.colcon_core.shell:create_environment_hook('px4_msgs', 'cmake_prefix_path')
[3.088s] INFO:colcon.colcon_core.shell:Creating environment hook '/home/bobbili-jiten-reddy/nidar_ws/install/px4_msgs/share/px4_msgs/hook/cmake_prefix_path.ps1'
[3.088s] INFO:colcon.colcon_core.shell:Creating environment descriptor '/home/bobbili-jiten-reddy/nidar_ws/install/px4_msgs/share/px4_msgs/hook/cmake_prefix_path.dsv'
[3.088s] INFO:colcon.colcon_core.shell:Creating environment hook '/home/bobbili-jiten-reddy/nidar_ws/install/px4_msgs/share/px4_msgs/hook/cmake_prefix_path.sh'
[3.089s] Level 1:colcon.colcon_core.environment:checking '/home/bobbili-jiten-reddy/nidar_ws/install/px4_msgs/lib'
[3.089s] Level 1:colcon.colcon_core.shell:create_environment_hook('px4_msgs', 'ld_library_path_lib')
[3.089s] INFO:colcon.colcon_core.shell:Creating environment hook '/home/bobbili-jiten-reddy/nidar_ws/install/px4_msgs/share/px4_msgs/hook/ld_library_path_lib.ps1'
[3.089s] INFO:colcon.colcon_core.shell:Creating environment descriptor '/home/bobbili-jiten-reddy/nidar_ws/install/px4_msgs/share/px4_msgs/hook/ld_library_path_lib.dsv'
[3.089s] INFO:colcon.colcon_core.shell:Creating environment hook '/home/bobbili-jiten-reddy/nidar_ws/install/px4_msgs/share/px4_msgs/hook/ld_library_path_lib.sh'
[3.090s] Level 1:colcon.colcon_core.environment:checking '/home/bobbili-jiten-reddy/nidar_ws/install/px4_msgs/bin'
[3.090s] Level 1:colcon.colcon_core.environment:checking '/home/bobbili-jiten-reddy/nidar_ws/install/px4_msgs/lib/pkgconfig/px4_msgs.pc'
[3.090s] Level 1:colcon.colcon_core.environment:checking '/home/bobbili-jiten-reddy/nidar_ws/install/px4_msgs/lib/python3.12/site-packages'
[3.090s] Level 1:colcon.colcon_core.shell:create_environment_hook('px4_msgs', 'pythonpath')
[3.090s] INFO:colcon.colcon_core.shell:Creating environment hook '/home/bobbili-jiten-reddy/nidar_ws/install/px4_msgs/share/px4_msgs/hook/pythonpath.ps1'
[3.090s] INFO:colcon.colcon_core.shell:Creating environment descriptor '/home/bobbili-jiten-reddy/nidar_ws/install/px4_msgs/share/px4_msgs/hook/pythonpath.dsv'
[3.091s] INFO:colcon.colcon_core.shell:Creating environment hook '/home/bobbili-jiten-reddy/nidar_ws/install/px4_msgs/share/px4_msgs/hook/pythonpath.sh'
[3.091s] Level 1:colcon.colcon_core.environment:checking '/home/bobbili-jiten-reddy/nidar_ws/install/px4_msgs/bin'
[3.091s] INFO:colcon.colcon_core.shell:Creating package script '/home/bobbili-jiten-reddy/nidar_ws/install/px4_msgs/share/px4_msgs/package.ps1'
[3.092s] INFO:colcon.colcon_core.shell:Creating package descriptor '/home/bobbili-jiten-reddy/nidar_ws/install/px4_msgs/share/px4_msgs/package.dsv'
[3.092s] INFO:colcon.colcon_core.shell:Creating package script '/home/bobbili-jiten-reddy/nidar_ws/install/px4_msgs/share/px4_msgs/package.sh'
[3.092s] INFO:colcon.colcon_core.shell:Creating package script '/home/bobbili-jiten-reddy/nidar_ws/install/px4_msgs/share/px4_msgs/package.bash'
[3.093s] INFO:colcon.colcon_core.shell:Creating package script '/home/bobbili-jiten-reddy/nidar_ws/install/px4_msgs/share/px4_msgs/package.zsh'
[3.093s] Level 1:colcon.colcon_core.environment:create_file_with_runtime_dependencies(/home/bobbili-jiten-reddy/nidar_ws/install/px4_msgs/share/colcon-core/packages/px4_msgs)
[3.093s] Level 1:colcon.colcon_core.environment:create_environment_scripts_only(px4_msgs)
[3.093s] Level 1:colcon.colcon_core.environment:checking '/home/bobbili-jiten-reddy/nidar_ws/install/px4_msgs' for CMake module files
[3.094s] Level 1:colcon.colcon_core.environment:checking '/home/bobbili-jiten-reddy/nidar_ws/install/px4_msgs' for CMake config files
[3.095s] Level 1:colcon.colcon_core.shell:create_environment_hook('px4_msgs', 'cmake_prefix_path')
[3.095s] INFO:colcon.colcon_core.shell:Creating environment hook '/home/bobbili-jiten-reddy/nidar_ws/install/px4_msgs/share/px4_msgs/hook/cmake_prefix_path.ps1'
[3.095s] INFO:colcon.colcon_core.shell:Creating environment descriptor '/home/bobbili-jiten-reddy/nidar_ws/install/px4_msgs/share/px4_msgs/hook/cmake_prefix_path.dsv'
[3.096s] INFO:colcon.colcon_core.shell:Creating environment hook '/home/bobbili-jiten-reddy/nidar_ws/install/px4_msgs/share/px4_msgs/hook/cmake_prefix_path.sh'
[3.096s] Level 1:colcon.colcon_core.environment:checking '/home/bobbili-jiten-reddy/nidar_ws/install/px4_msgs/lib'
[3.096s] Level 1:colcon.colcon_core.shell:create_environment_hook('px4_msgs', 'ld_library_path_lib')
[3.096s] INFO:colcon.colcon_core.shell:Creating environment hook '/home/bobbili-jiten-reddy/nidar_ws/install/px4_msgs/share/px4_msgs/hook/ld_library_path_lib.ps1'
[3.096s] INFO:colcon.colcon_core.shell:Creating environment descriptor '/home/bobbili-jiten-reddy/nidar_ws/install/px4_msgs/share/px4_msgs/hook/ld_library_path_lib.dsv'
[3.097s] INFO:colcon.colcon_core.shell:Creating environment hook '/home/bobbili-jiten-reddy/nidar_ws/install/px4_msgs/share/px4_msgs/hook/ld_library_path_lib.sh'
[3.097s] Level 1:colcon.colcon_core.environment:checking '/home/bobbili-jiten-reddy/nidar_ws/install/px4_msgs/bin'
[3.097s] Level 1:colcon.colcon_core.environment:checking '/home/bobbili-jiten-reddy/nidar_ws/install/px4_msgs/lib/pkgconfig/px4_msgs.pc'
[3.097s] Level 1:colcon.colcon_core.environment:checking '/home/bobbili-jiten-reddy/nidar_ws/install/px4_msgs/lib/python3.12/site-packages'
[3.097s] Level 1:colcon.colcon_core.shell:create_environment_hook('px4_msgs', 'pythonpath')
[3.097s] INFO:colcon.colcon_core.shell:Creating environment hook '/home/bobbili-jiten-reddy/nidar_ws/install/px4_msgs/share/px4_msgs/hook/pythonpath.ps1'
[3.098s] INFO:colcon.colcon_core.shell:Creating environment descriptor '/home/bobbili-jiten-reddy/nidar_ws/install/px4_msgs/share/px4_msgs/hook/pythonpath.dsv'
[3.098s] INFO:colcon.colcon_core.shell:Creating environment hook '/home/bobbili-jiten-reddy/nidar_ws/install/px4_msgs/share/px4_msgs/hook/pythonpath.sh'
[3.099s] Level 1:colcon.colcon_core.environment:checking '/home/bobbili-jiten-reddy/nidar_ws/install/px4_msgs/bin'
[3.099s] INFO:colcon.colcon_core.shell:Creating package script '/home/bobbili-jiten-reddy/nidar_ws/install/px4_msgs/share/px4_msgs/package.ps1'
[3.099s] INFO:colcon.colcon_core.shell:Creating package descriptor '/home/bobbili-jiten-reddy/nidar_ws/install/px4_msgs/share/px4_msgs/package.dsv'
[3.100s] INFO:colcon.colcon_core.shell:Creating package script '/home/bobbili-jiten-reddy/nidar_ws/install/px4_msgs/share/px4_msgs/package.sh'
[3.100s] INFO:colcon.colcon_core.shell:Creating package script '/home/bobbili-jiten-reddy/nidar_ws/install/px4_msgs/share/px4_msgs/package.bash'
[3.100s] INFO:colcon.colcon_core.shell:Creating package script '/home/bobbili-jiten-reddy/nidar_ws/install/px4_msgs/share/px4_msgs/package.zsh'
[3.100s] Level 1:colcon.colcon_core.environment:create_file_with_runtime_dependencies(/home/bobbili-jiten-reddy/nidar_ws/install/px4_msgs/share/colcon-core/packages/px4_msgs)
[3.101s] INFO:colcon.colcon_ros.task.ament_cmake.build:Building ROS package in '/home/bobbili-jiten-reddy/nidar_ws/src/px4_ros_com' with build type 'ament_cmake'
[3.101s] INFO:colcon.colcon_cmake.task.cmake.build:Building CMake package in '/home/bobbili-jiten-reddy/nidar_ws/src/px4_ros_com'
[3.101s] INFO:colcon.colcon_core.shell:Skip shell extension 'powershell' for command environment: Not usable outside of PowerShell
[3.101s] DEBUG:colcon.colcon_core.shell:Skip shell extension 'dsv' for command environment
[3.112s] DEBUG:colcon.colcon_core.event_handler.log_command:Invoking command in '/home/bobbili-jiten-reddy/nidar_ws/build/px4_ros_com': CMAKE_PREFIX_PATH=/home/bobbili-jiten-reddy/nidar_ws/install/px4_msgs:/home/bobbili-jiten-reddy/nidar_ws/install/px4_ros_com:/opt/ros/jazzy/opt/gz_sim_vendor:/opt/ros/jazzy/opt/gz_sensors_vendor:/opt/ros/jazzy/opt/gz_physics_vendor:/opt/ros/jazzy/opt/sdformat_vendor:/opt/ros/jazzy/opt/gz_gui_vendor:/opt/ros/jazzy/opt/gz_transport_vendor:/opt/ros/jazzy/opt/gz_rendering_vendor:/opt/ros/jazzy/opt/gz_plugin_vendor:/opt/ros/jazzy/opt/gz_fuel_tools_vendor:/opt/ros/jazzy/opt/gz_msgs_vendor:/opt/ros/jazzy/opt/gz_common_vendor:/opt/ros/jazzy/opt/gz_math_vendor:/opt/ros/jazzy/opt/gz_utils_vendor:/opt/ros/jazzy/opt/gz_tools_vendor:/opt/ros/jazzy/opt/gz_ogre_next_vendor:/opt/ros/jazzy/opt/gz_dartsim_vendor:/opt/ros/jazzy/opt/gz_cmake_vendor:/opt/ros/jazzy DEBUGINFOD_URLS=https://debuginfod.ubuntu.com LD_LIBRARY_PATH=/home/bobbili-jiten-reddy/nidar_ws/install/px4_msgs/lib:/home/bobbili-jiten-reddy/nidar_ws/install/px4_ros_com/lib:/opt/ros/jazzy/opt/gz_sim_vendor/lib:/opt/ros/jazzy/opt/gz_sensors_vendor/lib:/opt/ros/jazzy/opt/gz_physics_vendor/lib:/opt/ros/jazzy/opt/sdformat_vendor/lib:/opt/ros/jazzy/opt/rviz_ogre_vendor/lib:/opt/ros/jazzy/lib/x86_64-linux-gnu:/opt/ros/jazzy/opt/gz_gui_vendor/lib:/opt/ros/jazzy/opt/gz_transport_vendor/lib:/opt/ros/jazzy/opt/gz_rendering_vendor/lib:/opt/ros/jazzy/opt/gz_plugin_vendor/lib:/opt/ros/jazzy/opt/gz_fuel_tools_vendor/lib:/opt/ros/jazzy/opt/gz_msgs_vendor/lib:/opt/ros/jazzy/opt/gz_common_vendor/lib:/opt/ros/jazzy/opt/gz_math_vendor/lib:/opt/ros/jazzy/opt/gz_utils_vendor/lib:/opt/ros/jazzy/opt/gz_tools_vendor/lib:/opt/ros/jazzy/opt/gz_ogre_next_vendor/lib:/opt/ros/jazzy/opt/gz_dartsim_vendor/lib:/opt/ros/jazzy/opt/gz_cmake_vendor/lib:/opt/ros/jazzy/lib PYTHONPATH=/home/bobbili-jiten-reddy/nidar_ws/install/px4_msgs/lib/python3.12/site-packages:/home/bobbili-jiten-reddy/nidar_ws/install/px4_ros_com/lib/python3.12/site-packages:/opt/ros/jazzy/lib/python3.12/site-packages /usr/bin/cmake --build /home/bobbili-jiten-reddy/nidar_ws/build/px4_ros_com -- -j16 -l16
[3.518s] DEBUG:colcon.colcon_core.event_handler.log_command:Invoked command in '/home/bobbili-jiten-reddy/nidar_ws/build/px4_ros_com' returned '0': CMAKE_PREFIX_PATH=/home/bobbili-jiten-reddy/nidar_ws/install/px4_msgs:/home/bobbili-jiten-reddy/nidar_ws/install/px4_ros_com:/opt/ros/jazzy/opt/gz_sim_vendor:/opt/ros/jazzy/opt/gz_sensors_vendor:/opt/ros/jazzy/opt/gz_physics_vendor:/opt/ros/jazzy/opt/sdformat_vendor:/opt/ros/jazzy/opt/gz_gui_vendor:/opt/ros/jazzy/opt/gz_transport_vendor:/opt/ros/jazzy/opt/gz_rendering_vendor:/opt/ros/jazzy/opt/gz_plugin_vendor:/opt/ros/jazzy/opt/gz_fuel_tools_vendor:/opt/ros/jazzy/opt/gz_msgs_vendor:/opt/ros/jazzy/opt/gz_common_vendor:/opt/ros/jazzy/opt/gz_math_vendor:/opt/ros/jazzy/opt/gz_utils_vendor:/opt/ros/jazzy/opt/gz_tools_vendor:/opt/ros/jazzy/opt/gz_ogre_next_vendor:/opt/ros/jazzy/opt/gz_dartsim_vendor:/opt/ros/jazzy/opt/gz_cmake_vendor:/opt/ros/jazzy DEBUGINFOD_URLS=https://debuginfod.ubuntu.com LD_LIBRARY_PATH=/home/bobbili-jiten-reddy/nidar_ws/install/px4_msgs/lib:/home/bobbili-jiten-reddy/nidar_ws/install/px4_ros_com/lib:/opt/ros/jazzy/opt/gz_sim_vendor/lib:/opt/ros/jazzy/opt/gz_sensors_vendor/lib:/opt/ros/jazzy/opt/gz_physics_vendor/lib:/opt/ros/jazzy/opt/sdformat_vendor/lib:/opt/ros/jazzy/opt/rviz_ogre_vendor/lib:/opt/ros/jazzy/lib/x86_64-linux-gnu:/opt/ros/jazzy/opt/gz_gui_vendor/lib:/opt/ros/jazzy/opt/gz_transport_vendor/lib:/opt/ros/jazzy/opt/gz_rendering_vendor/lib:/opt/ros/jazzy/opt/gz_plugin_vendor/lib:/opt/ros/jazzy/opt/gz_fuel_tools_vendor/lib:/opt/ros/jazzy/opt/gz_msgs_vendor/lib:/opt/ros/jazzy/opt/gz_common_vendor/lib:/opt/ros/jazzy/opt/gz_math_vendor/lib:/opt/ros/jazzy/opt/gz_utils_vendor/lib:/opt/ros/jazzy/opt/gz_tools_vendor/lib:/opt/ros/jazzy/opt/gz_ogre_next_vendor/lib:/opt/ros/jazzy/opt/gz_dartsim_vendor/lib:/opt/ros/jazzy/opt/gz_cmake_vendor/lib:/opt/ros/jazzy/lib PYTHONPATH=/home/bobbili-jiten-reddy/nidar_ws/install/px4_msgs/lib/python3.12/site-packages:/home/bobbili-jiten-reddy/nidar_ws/install/px4_ros_com/lib/python3.12/site-packages:/opt/ros/jazzy/lib/python3.12/site-packages /usr/bin/cmake --build /home/bobbili-jiten-reddy/nidar_ws/build/px4_ros_com -- -j16 -l16
[3.519s] DEBUG:colcon.colcon_core.event_handler.log_command:Invoking command in '/home/bobbili-jiten-reddy/nidar_ws/build/px4_ros_com': CMAKE_PREFIX_PATH=/home/bobbili-jiten-reddy/nidar_ws/install/px4_msgs:/home/bobbili-jiten-reddy/nidar_ws/install/px4_ros_com:/opt/ros/jazzy/opt/gz_sim_vendor:/opt/ros/jazzy/opt/gz_sensors_vendor:/opt/ros/jazzy/opt/gz_physics_vendor:/opt/ros/jazzy/opt/sdformat_vendor:/opt/ros/jazzy/opt/gz_gui_vendor:/opt/ros/jazzy/opt/gz_transport_vendor:/opt/ros/jazzy/opt/gz_rendering_vendor:/opt/ros/jazzy/opt/gz_plugin_vendor:/opt/ros/jazzy/opt/gz_fuel_tools_vendor:/opt/ros/jazzy/opt/gz_msgs_vendor:/opt/ros/jazzy/opt/gz_common_vendor:/opt/ros/jazzy/opt/gz_math_vendor:/opt/ros/jazzy/opt/gz_utils_vendor:/opt/ros/jazzy/opt/gz_tools_vendor:/opt/ros/jazzy/opt/gz_ogre_next_vendor:/opt/ros/jazzy/opt/gz_dartsim_vendor:/opt/ros/jazzy/opt/gz_cmake_vendor:/opt/ros/jazzy DEBUGINFOD_URLS=https://debuginfod.ubuntu.com LD_LIBRARY_PATH=/home/bobbili-jiten-reddy/nidar_ws/install/px4_msgs/lib:/home/bobbili-jiten-reddy/nidar_ws/install/px4_ros_com/lib:/opt/ros/jazzy/opt/gz_sim_vendor/lib:/opt/ros/jazzy/opt/gz_sensors_vendor/lib:/opt/ros/jazzy/opt/gz_physics_vendor/lib:/opt/ros/jazzy/opt/sdformat_vendor/lib:/opt/ros/jazzy/opt/rviz_ogre_vendor/lib:/opt/ros/jazzy/lib/x86_64-linux-gnu:/opt/ros/jazzy/opt/gz_gui_vendor/lib:/opt/ros/jazzy/opt/gz_transport_vendor/lib:/opt/ros/jazzy/opt/gz_rendering_vendor/lib:/opt/ros/jazzy/opt/gz_plugin_vendor/lib:/opt/ros/jazzy/opt/gz_fuel_tools_vendor/lib:/opt/ros/jazzy/opt/gz_msgs_vendor/lib:/opt/ros/jazzy/opt/gz_common_vendor/lib:/opt/ros/jazzy/opt/gz_math_vendor/lib:/opt/ros/jazzy/opt/gz_utils_vendor/lib:/opt/ros/jazzy/opt/gz_tools_vendor/lib:/opt/ros/jazzy/opt/gz_ogre_next_vendor/lib:/opt/ros/jazzy/opt/gz_dartsim_vendor/lib:/opt/ros/jazzy/opt/gz_cmake_vendor/lib:/opt/ros/jazzy/lib PYTHONPATH=/home/bobbili-jiten-reddy/nidar_ws/install/px4_msgs/lib/python3.12/site-packages:/home/bobbili-jiten-reddy/nidar_ws/install/px4_ros_com/lib/python3.12/site-packages:/opt/ros/jazzy/lib/python3.12/site-packages /usr/bin/cmake --install /home/bobbili-jiten-reddy/nidar_ws/build/px4_ros_com
[3.575s] Level 1:colcon.colcon_core.environment:create_environment_scripts_only(px4_ros_com)
[3.575s] Level 1:colcon.colcon_core.environment:checking '/home/bobbili-jiten-reddy/nidar_ws/install/px4_ros_com' for CMake module files
[3.576s] DEBUG:colcon.colcon_core.event_handler.log_command:Invoked command in '/home/bobbili-jiten-reddy/nidar_ws/build/px4_ros_com' returned '0': CMAKE_PREFIX_PATH=/home/bobbili-jiten-reddy/nidar_ws/install/px4_msgs:/home/bobbili-jiten-reddy/nidar_ws/install/px4_ros_com:/opt/ros/jazzy/opt/gz_sim_vendor:/opt/ros/jazzy/opt/gz_sensors_vendor:/opt/ros/jazzy/opt/gz_physics_vendor:/opt/ros/jazzy/opt/sdformat_vendor:/opt/ros/jazzy/opt/gz_gui_vendor:/opt/ros/jazzy/opt/gz_transport_vendor:/opt/ros/jazzy/opt/gz_rendering_vendor:/opt/ros/jazzy/opt/gz_plugin_vendor:/opt/ros/jazzy/opt/gz_fuel_tools_vendor:/opt/ros/jazzy/opt/gz_msgs_vendor:/opt/ros/jazzy/opt/gz_common_vendor:/opt/ros/jazzy/opt/gz_math_vendor:/opt/ros/jazzy/opt/gz_utils_vendor:/opt/ros/jazzy/opt/gz_tools_vendor:/opt/ros/jazzy/opt/gz_ogre_next_vendor:/opt/ros/jazzy/opt/gz_dartsim_vendor:/opt/ros/jazzy/opt/gz_cmake_vendor:/opt/ros/jazzy DEBUGINFOD_URLS=https://debuginfod.ubuntu.com LD_LIBRARY_PATH=/home/bobbili-jiten-reddy/nidar_ws/install/px4_msgs/lib:/home/bobbili-jiten-reddy/nidar_ws/install/px4_ros_com/lib:/opt/ros/jazzy/opt/gz_sim_vendor/lib:/opt/ros/jazzy/opt/gz_sensors_vendor/lib:/opt/ros/jazzy/opt/gz_physics_vendor/lib:/opt/ros/jazzy/opt/sdformat_vendor/lib:/opt/ros/jazzy/opt/rviz_ogre_vendor/lib:/opt/ros/jazzy/lib/x86_64-linux-gnu:/opt/ros/jazzy/opt/gz_gui_vendor/lib:/opt/ros/jazzy/opt/gz_transport_vendor/lib:/opt/ros/jazzy/opt/gz_rendering_vendor/lib:/opt/ros/jazzy/opt/gz_plugin_vendor/lib:/opt/ros/jazzy/opt/gz_fuel_tools_vendor/lib:/opt/ros/jazzy/opt/gz_msgs_vendor/lib:/opt/ros/jazzy/opt/gz_common_vendor/lib:/opt/ros/jazzy/opt/gz_math_vendor/lib:/opt/ros/jazzy/opt/gz_utils_vendor/lib:/opt/ros/jazzy/opt/gz_tools_vendor/lib:/opt/ros/jazzy/opt/gz_ogre_next_vendor/lib:/opt/ros/jazzy/opt/gz_dartsim_vendor/lib:/opt/ros/jazzy/opt/gz_cmake_vendor/lib:/opt/ros/jazzy/lib PYTHONPATH=/home/bobbili-jiten-reddy/nidar_ws/install/px4_msgs/lib/python3.12/site-packages:/home/bobbili-jiten-reddy/nidar_ws/install/px4_ros_com/lib/python3.12/site-packages:/opt/ros/jazzy/lib/python3.12/site-packages /usr/bin/cmake --install /home/bobbili-jiten-reddy/nidar_ws/build/px4_ros_com
[3.576s] Level 1:colcon.colcon_core.environment:checking '/home/bobbili-jiten-reddy/nidar_ws/install/px4_ros_com' for CMake config files
[3.577s] Level 1:colcon.colcon_core.shell:create_environment_hook('px4_ros_com', 'cmake_prefix_path')
[3.578s] INFO:colcon.colcon_core.shell:Creating environment hook '/home/bobbili-jiten-reddy/nidar_ws/install/px4_ros_com/share/px4_ros_com/hook/cmake_prefix_path.ps1'
[3.578s] INFO:colcon.colcon_core.shell:Creating environment descriptor '/home/bobbili-jiten-reddy/nidar_ws/install/px4_ros_com/share/px4_ros_com/hook/cmake_prefix_path.dsv'
[3.578s] INFO:colcon.colcon_core.shell:Creating environment hook '/home/bobbili-jiten-reddy/nidar_ws/install/px4_ros_com/share/px4_ros_com/hook/cmake_prefix_path.sh'
[3.579s] Level 1:colcon.colcon_core.environment:checking '/home/bobbili-jiten-reddy/nidar_ws/install/px4_ros_com/lib'
[3.579s] Level 1:colcon.colcon_core.shell:create_environment_hook('px4_ros_com', 'ld_library_path_lib')
[3.579s] INFO:colcon.colcon_core.shell:Creating environment hook '/home/bobbili-jiten-reddy/nidar_ws/install/px4_ros_com/share/px4_ros_com/hook/ld_library_path_lib.ps1'
[3.579s] INFO:colcon.colcon_core.shell:Creating environment descriptor '/home/bobbili-jiten-reddy/nidar_ws/install/px4_ros_com/share/px4_ros_com/hook/ld_library_path_lib.dsv'
[3.580s] INFO:colcon.colcon_core.shell:Creating environment hook '/home/bobbili-jiten-reddy/nidar_ws/install/px4_ros_com/share/px4_ros_com/hook/ld_library_path_lib.sh'
[3.580s] Level 1:colcon.colcon_core.environment:checking '/home/bobbili-jiten-reddy/nidar_ws/install/px4_ros_com/bin'
[3.580s] Level 1:colcon.colcon_core.environment:checking '/home/bobbili-jiten-reddy/nidar_ws/install/px4_ros_com/lib/pkgconfig/px4_ros_com.pc'
[3.580s] Level 1:colcon.colcon_core.environment:checking '/home/bobbili-jiten-reddy/nidar_ws/install/px4_ros_com/lib/python3.12/site-packages'
[3.581s] Level 1:colcon.colcon_core.shell:create_environment_hook('px4_ros_com', 'pythonpath')
[3.581s] INFO:colcon.colcon_core.shell:Creating environment hook '/home/bobbili-jiten-reddy/nidar_ws/install/px4_ros_com/share/px4_ros_com/hook/pythonpath.ps1'
[3.581s] INFO:colcon.colcon_core.shell:Creating environment descriptor '/home/bobbili-jiten-reddy/nidar_ws/install/px4_ros_com/share/px4_ros_com/hook/pythonpath.dsv'
[3.581s] INFO:colcon.colcon_core.shell:Creating environment hook '/home/bobbili-jiten-reddy/nidar_ws/install/px4_ros_com/share/px4_ros_com/hook/pythonpath.sh'
[3.582s] Level 1:colcon.colcon_core.environment:checking '/home/bobbili-jiten-reddy/nidar_ws/install/px4_ros_com/bin'
[3.582s] INFO:colcon.colcon_core.shell:Creating package script '/home/bobbili-jiten-reddy/nidar_ws/install/px4_ros_com/share/px4_ros_com/package.ps1'
[3.582s] INFO:colcon.colcon_core.shell:Creating package descriptor '/home/bobbili-jiten-reddy/nidar_ws/install/px4_ros_com/share/px4_ros_com/package.dsv'
[3.583s] INFO:colcon.colcon_core.shell:Creating package script '/home/bobbili-jiten-reddy/nidar_ws/install/px4_ros_com/share/px4_ros_com/package.sh'
[3.583s] INFO:colcon.colcon_core.shell:Creating package script '/home/bobbili-jiten-reddy/nidar_ws/install/px4_ros_com/share/px4_ros_com/package.bash'
[3.583s] INFO:colcon.colcon_core.shell:Creating package script '/home/bobbili-jiten-reddy/nidar_ws/install/px4_ros_com/share/px4_ros_com/package.zsh'
[3.584s] Level 1:colcon.colcon_core.environment:create_file_with_runtime_dependencies(/home/bobbili-jiten-reddy/nidar_ws/install/px4_ros_com/share/colcon-core/packages/px4_ros_com)
[3.584s] Level 1:colcon.colcon_core.environment:create_environment_scripts_only(px4_ros_com)
[3.584s] Level 1:colcon.colcon_core.environment:checking '/home/bobbili-jiten-reddy/nidar_ws/install/px4_ros_com' for CMake module files
[3.585s] Level 1:colcon.colcon_core.environment:checking '/home/bobbili-jiten-reddy/nidar_ws/install/px4_ros_com' for CMake config files
[3.585s] Level 1:colcon.colcon_core.shell:create_environment_hook('px4_ros_com', 'cmake_prefix_path')
[3.585s] INFO:colcon.colcon_core.shell:Creating environment hook '/home/bobbili-jiten-reddy/nidar_ws/install/px4_ros_com/share/px4_ros_com/hook/cmake_prefix_path.ps1'
[3.585s] INFO:colcon.colcon_core.shell:Creating environment descriptor '/home/bobbili-jiten-reddy/nidar_ws/install/px4_ros_com/share/px4_ros_com/hook/cmake_prefix_path.dsv'
[3.586s] INFO:colcon.colcon_core.shell:Creating environment hook '/home/bobbili-jiten-reddy/nidar_ws/install/px4_ros_com/share/px4_ros_com/hook/cmake_prefix_path.sh'
[3.586s] Level 1:colcon.colcon_core.environment:checking '/home/bobbili-jiten-reddy/nidar_ws/install/px4_ros_com/lib'
[3.586s] Level 1:colcon.colcon_core.shell:create_environment_hook('px4_ros_com', 'ld_library_path_lib')
[3.586s] INFO:colcon.colcon_core.shell:Creating environment hook '/home/bobbili-jiten-reddy/nidar_ws/install/px4_ros_com/share/px4_ros_com/hook/ld_library_path_lib.ps1'
[3.586s] INFO:colcon.colcon_core.shell:Creating environment descriptor '/home/bobbili-jiten-reddy/nidar_ws/install/px4_ros_com/share/px4_ros_com/hook/ld_library_path_lib.dsv'
[3.587s] INFO:colcon.colcon_core.shell:Creating environment hook '/home/bobbili-jiten-reddy/nidar_ws/install/px4_ros_com/share/px4_ros_com/hook/ld_library_path_lib.sh'
[3.587s] Level 1:colcon.colcon_core.environment:checking '/home/bobbili-jiten-reddy/nidar_ws/install/px4_ros_com/bin'
[3.587s] Level 1:colcon.colcon_core.environment:checking '/home/bobbili-jiten-reddy/nidar_ws/install/px4_ros_com/lib/pkgconfig/px4_ros_com.pc'
[3.587s] Level 1:colcon.colcon_core.environment:checking '/home/bobbili-jiten-reddy/nidar_ws/install/px4_ros_com/lib/python3.12/site-packages'
[3.587s] Level 1:colcon.colcon_core.shell:create_environment_hook('px4_ros_com', 'pythonpath')
[3.587s] INFO:colcon.colcon_core.shell:Creating environment hook '/home/bobbili-jiten-reddy/nidar_ws/install/px4_ros_com/share/px4_ros_com/hook/pythonpath.ps1'
[3.588s] INFO:colcon.colcon_core.shell:Creating environment descriptor '/home/bobbili-jiten-reddy/nidar_ws/install/px4_ros_com/share/px4_ros_com/hook/pythonpath.dsv'
[3.588s] INFO:colcon.colcon_core.shell:Creating environment hook '/home/bobbili-jiten-reddy/nidar_ws/install/px4_ros_com/share/px4_ros_com/hook/pythonpath.sh'
[3.588s] Level 1:colcon.colcon_core.environment:checking '/home/bobbili-jiten-reddy/nidar_ws/install/px4_ros_com/bin'
[3.589s] INFO:colcon.colcon_core.shell:Creating package script '/home/bobbili-jiten-reddy/nidar_ws/install/px4_ros_com/share/px4_ros_com/package.ps1'
[3.589s] INFO:colcon.colcon_core.shell:Creating package descriptor '/home/bobbili-jiten-reddy/nidar_ws/install/px4_ros_com/share/px4_ros_com/package.dsv'
[3.589s] INFO:colcon.colcon_core.shell:Creating package script '/home/bobbili-jiten-reddy/nidar_ws/install/px4_ros_com/share/px4_ros_com/package.sh'
[3.590s] INFO:colcon.colcon_core.shell:Creating package script '/home/bobbili-jiten-reddy/nidar_ws/install/px4_ros_com/share/px4_ros_com/package.bash'
[3.590s] INFO:colcon.colcon_core.shell:Creating package script '/home/bobbili-jiten-reddy/nidar_ws/install/px4_ros_com/share/px4_ros_com/package.zsh'
[3.590s] Level 1:colcon.colcon_core.environment:create_file_with_runtime_dependencies(/home/bobbili-jiten-reddy/nidar_ws/install/px4_ros_com/share/colcon-core/packages/px4_ros_com)
[3.591s] DEBUG:colcon.colcon_parallel_executor.executor.parallel:closing loop
[3.591s] DEBUG:colcon.colcon_parallel_executor.executor.parallel:loop closed
[3.591s] DEBUG:colcon.colcon_parallel_executor.executor.parallel:run_until_complete finished with '0'
[3.591s] DEBUG:colcon.colcon_core.event_reactor:joining thread
[3.598s] INFO:colcon.colcon_core.plugin_system:Skipping extension 'colcon_notification.desktop_notification.terminal_notifier': Not used on non-Darwin systems
[3.598s] INFO:colcon.colcon_core.plugin_system:Skipping extension 'colcon_notification.desktop_notification.win32': Not used on non-Windows systems
[3.598s] INFO:colcon.colcon_notification.desktop_notification:Sending desktop notification using 'notify2'
[3.609s] DEBUG:colcon.colcon_core.event_reactor:joined thread
[3.609s] INFO:colcon.colcon_core.shell:Creating prefix script '/home/bobbili-jiten-reddy/nidar_ws/install/local_setup.ps1'
[3.610s] INFO:colcon.colcon_core.shell:Creating prefix util module '/home/bobbili-jiten-reddy/nidar_ws/install/_local_setup_util_ps1.py'
[3.612s] INFO:colcon.colcon_core.shell:Creating prefix chain script '/home/bobbili-jiten-reddy/nidar_ws/install/setup.ps1'
[3.613s] INFO:colcon.colcon_core.shell:Creating prefix script '/home/bobbili-jiten-reddy/nidar_ws/install/local_setup.sh'
[3.613s] INFO:colcon.colcon_core.shell:Creating prefix util module '/home/bobbili-jiten-reddy/nidar_ws/install/_local_setup_util_sh.py'
[3.614s] INFO:colcon.colcon_core.shell:Creating prefix chain script '/home/bobbili-jiten-reddy/nidar_ws/install/setup.sh'
[3.614s] INFO:colcon.colcon_core.shell:Creating prefix script '/home/bobbili-jiten-reddy/nidar_ws/install/local_setup.bash'
[3.615s] INFO:colcon.colcon_core.shell:Creating prefix chain script '/home/bobbili-jiten-reddy/nidar_ws/install/setup.bash'
[3.616s] INFO:colcon.colcon_core.shell:Creating prefix script '/home/bobbili-jiten-reddy/nidar_ws/install/local_setup.zsh'
[3.616s] INFO:colcon.colcon_core.shell:Creating prefix chain script '/home/bobbili-jiten-reddy/nidar_ws/install/setup.zsh'
