running egg_info
creating ../../build/my_pkg/my_pkg.egg-info
writing ../../build/my_pkg/my_pkg.egg-info/PKG-INFO
writing dependency_links to ../../build/my_pkg/my_pkg.egg-info/dependency_links.txt
writing entry points to ../../build/my_pkg/my_pkg.egg-info/entry_points.txt
writing requirements to ../../build/my_pkg/my_pkg.egg-info/requires.txt
writing top-level names to ../../build/my_pkg/my_pkg.egg-info/top_level.txt
writing manifest file '../../build/my_pkg/my_pkg.egg-info/SOURCES.txt'
reading manifest file '../../build/my_pkg/my_pkg.egg-info/SOURCES.txt'
writing manifest file '../../build/my_pkg/my_pkg.egg-info/SOURCES.txt'
running build
running build_py
creating /home/bobbili-jiten-reddy/nidar_ws/build/my_pkg/build
creating /home/bobbili-jiten-reddy/nidar_ws/build/my_pkg/build/lib
creating /home/bobbili-jiten-reddy/nidar_ws/build/my_pkg/build/lib/my_pkg
copying my_pkg/__init__.py -> /home/bobbili-jiten-reddy/nidar_ws/build/my_pkg/build/lib/my_pkg
copying my_pkg/altitude_listenter.py -> /home/bobbili-jiten-reddy/nidar_ws/build/my_pkg/build/lib/my_pkg
running install
running install_lib
creating /home/bobbili-jiten-reddy/nidar_ws/install/my_pkg/lib/python3.12/site-packages/my_pkg
copying /home/bobbili-jiten-reddy/nidar_ws/build/my_pkg/build/lib/my_pkg/__init__.py -> /home/bobbili-jiten-reddy/nidar_ws/install/my_pkg/lib/python3.12/site-packages/my_pkg
copying /home/bobbili-jiten-reddy/nidar_ws/build/my_pkg/build/lib/my_pkg/altitude_listenter.py -> /home/bobbili-jiten-reddy/nidar_ws/install/my_pkg/lib/python3.12/site-packages/my_pkg
byte-compiling /home/bobbili-jiten-reddy/nidar_ws/install/my_pkg/lib/python3.12/site-packages/my_pkg/__init__.py to __init__.cpython-312.pyc
byte-compiling /home/bobbili-jiten-reddy/nidar_ws/install/my_pkg/lib/python3.12/site-packages/my_pkg/altitude_listenter.py to altitude_listenter.cpython-312.pyc
running install_data
creating /home/bobbili-jiten-reddy/nidar_ws/install/my_pkg/share/ament_index
creating /home/bobbili-jiten-reddy/nidar_ws/install/my_pkg/share/ament_index/resource_index
creating /home/bobbili-jiten-reddy/nidar_ws/install/my_pkg/share/ament_index/resource_index/packages
copying resource/my_pkg -> /home/bobbili-jiten-reddy/nidar_ws/install/my_pkg/share/ament_index/resource_index/packages
copying package.xml -> /home/bobbili-jiten-reddy/nidar_ws/install/my_pkg/share/my_pkg
running install_egg_info
Copying ../../build/my_pkg/my_pkg.egg-info to /home/bobbili-jiten-reddy/nidar_ws/install/my_pkg/lib/python3.12/site-packages/my_pkg-0.0.0-py3.12.egg-info
running install_scripts
Installing altitude_listener script to /home/bobbili-jiten-reddy/nidar_ws/install/my_pkg/lib/my_pkg
writing list of installed files to '/home/bobbili-jiten-reddy/nidar_ws/build/my_pkg/install.log'
