[0.873s] Invoking command in '/home/bobbili-jiten-reddy/nidar_ws/src/my_pkg': DEBUGINFOD_URLS=https://debuginfod.ubuntu.com PYTHONPATH=/home/bobbili-jiten-reddy/nidar_ws/build/my_pkg/prefix_override:/usr/lib/python3/dist-packages/colcon_core/task/python/colcon_distutils_commands:/home/bobbili-jiten-reddy/nidar_ws/install/my_pkg/lib/python3.12/site-packages:${PYTHONPATH} /usr/bin/python3 -W ignore:setup.py install is deprecated -W ignore:easy_install command is deprecated setup.py egg_info --egg-base ../../build/my_pkg build --build-base /home/bobbili-jiten-reddy/nidar_ws/build/my_pkg/build install --record /home/bobbili-jiten-reddy/nidar_ws/build/my_pkg/install.log --single-version-externally-managed install_data
[1.133s] running egg_info
[1.134s] creating ../../build/my_pkg/my_pkg.egg-info
[1.154s] writing ../../build/my_pkg/my_pkg.egg-info/PKG-INFO
[1.154s] writing dependency_links to ../../build/my_pkg/my_pkg.egg-info/dependency_links.txt
[1.155s] writing entry points to ../../build/my_pkg/my_pkg.egg-info/entry_points.txt
[1.155s] writing requirements to ../../build/my_pkg/my_pkg.egg-info/requires.txt
[1.155s] writing top-level names to ../../build/my_pkg/my_pkg.egg-info/top_level.txt
[1.155s] writing manifest file '../../build/my_pkg/my_pkg.egg-info/SOURCES.txt'
[1.196s] reading manifest file '../../build/my_pkg/my_pkg.egg-info/SOURCES.txt'
[1.197s] writing manifest file '../../build/my_pkg/my_pkg.egg-info/SOURCES.txt'
[1.197s] running build
[1.197s] running build_py
[1.197s] creating /home/bobbili-jiten-reddy/nidar_ws/build/my_pkg/build
[1.197s] creating /home/bobbili-jiten-reddy/nidar_ws/build/my_pkg/build/lib
[1.197s] creating /home/bobbili-jiten-reddy/nidar_ws/build/my_pkg/build/lib/my_pkg
[1.198s] copying my_pkg/__init__.py -> /home/bobbili-jiten-reddy/nidar_ws/build/my_pkg/build/lib/my_pkg
[1.198s] copying my_pkg/altitude_listenter.py -> /home/bobbili-jiten-reddy/nidar_ws/build/my_pkg/build/lib/my_pkg
[1.198s] running install
[1.203s] running install_lib
[1.223s] creating /home/bobbili-jiten-reddy/nidar_ws/install/my_pkg/lib/python3.12/site-packages/my_pkg
[1.223s] copying /home/bobbili-jiten-reddy/nidar_ws/build/my_pkg/build/lib/my_pkg/__init__.py -> /home/bobbili-jiten-reddy/nidar_ws/install/my_pkg/lib/python3.12/site-packages/my_pkg
[1.224s] copying /home/bobbili-jiten-reddy/nidar_ws/build/my_pkg/build/lib/my_pkg/altitude_listenter.py -> /home/bobbili-jiten-reddy/nidar_ws/install/my_pkg/lib/python3.12/site-packages/my_pkg
[1.224s] byte-compiling /home/bobbili-jiten-reddy/nidar_ws/install/my_pkg/lib/python3.12/site-packages/my_pkg/__init__.py to __init__.cpython-312.pyc
[1.224s] byte-compiling /home/bobbili-jiten-reddy/nidar_ws/install/my_pkg/lib/python3.12/site-packages/my_pkg/altitude_listenter.py to altitude_listenter.cpython-312.pyc
[1.225s] running install_data
[1.225s] creating /home/bobbili-jiten-reddy/nidar_ws/install/my_pkg/share/ament_index
[1.225s] creating /home/bobbili-jiten-reddy/nidar_ws/install/my_pkg/share/ament_index/resource_index
[1.225s] creating /home/bobbili-jiten-reddy/nidar_ws/install/my_pkg/share/ament_index/resource_index/packages
[1.226s] copying resource/my_pkg -> /home/bobbili-jiten-reddy/nidar_ws/install/my_pkg/share/ament_index/resource_index/packages
[1.226s] copying package.xml -> /home/bobbili-jiten-reddy/nidar_ws/install/my_pkg/share/my_pkg
[1.226s] running install_egg_info
[1.247s] Copying ../../build/my_pkg/my_pkg.egg-info to /home/bobbili-jiten-reddy/nidar_ws/install/my_pkg/lib/python3.12/site-packages/my_pkg-0.0.0-py3.12.egg-info
[1.248s] running install_scripts
[1.384s] Installing altitude_listener script to /home/bobbili-jiten-reddy/nidar_ws/install/my_pkg/lib/my_pkg
[1.384s] writing list of installed files to '/home/bobbili-jiten-reddy/nidar_ws/build/my_pkg/install.log'
[1.416s] Invoked command in '/home/bobbili-jiten-reddy/nidar_ws/src/my_pkg' returned '0': DEBUGINFOD_URLS=https://debuginfod.ubuntu.com PYTHONPATH=/home/bobbili-jiten-reddy/nidar_ws/build/my_pkg/prefix_override:/usr/lib/python3/dist-packages/colcon_core/task/python/colcon_distutils_commands:/home/bobbili-jiten-reddy/nidar_ws/install/my_pkg/lib/python3.12/site-packages:${PYTHONPATH} /usr/bin/python3 -W ignore:setup.py install is deprecated -W ignore:easy_install command is deprecated setup.py egg_info --egg-base ../../build/my_pkg build --build-base /home/bobbili-jiten-reddy/nidar_ws/build/my_pkg/build install --record /home/bobbili-jiten-reddy/nidar_ws/build/my_pkg/install.log --single-version-externally-managed install_data
