[0.010s] Invoking command in '/home/bobbili-jiten-reddy/nidar_ws/build/px4_ros_com': AMENT_PREFIX_PATH=/home/bobbili-jiten-reddy/nidar_ws/install/px4_msgs:${AMENT_PREFIX_PATH} CMAKE_PREFIX_PATH=/home/bobbili-jiten-reddy/nidar_ws/install/px4_msgs:/opt/ros/jazzy/opt/gz_sim_vendor:/opt/ros/jazzy/opt/gz_sensors_vendor:/opt/ros/jazzy/opt/gz_physics_vendor:/opt/ros/jazzy/opt/sdformat_vendor:/opt/ros/jazzy/opt/gz_gui_vendor:/opt/ros/jazzy/opt/gz_transport_vendor:/opt/ros/jazzy/opt/gz_rendering_vendor:/opt/ros/jazzy/opt/gz_plugin_vendor:/opt/ros/jazzy/opt/gz_fuel_tools_vendor:/opt/ros/jazzy/opt/gz_msgs_vendor:/opt/ros/jazzy/opt/gz_common_vendor:/opt/ros/jazzy/opt/gz_math_vendor:/opt/ros/jazzy/opt/gz_utils_vendor:/opt/ros/jazzy/opt/gz_tools_vendor:/opt/ros/jazzy/opt/gz_ogre_next_vendor:/opt/ros/jazzy/opt/gz_dartsim_vendor:/opt/ros/jazzy/opt/gz_cmake_vendor:/opt/ros/jazzy DEBUGINFOD_URLS=https://debuginfod.ubuntu.com LD_LIBRARY_PATH=/home/bobbili-jiten-reddy/nidar_ws/install/px4_msgs/lib:${LD_LIBRARY_PATH} PYTHONPATH=/home/bobbili-jiten-reddy/nidar_ws/install/px4_msgs/lib/python3.12/site-packages:${PYTHONPATH} /usr/bin/cmake /home/bobbili-jiten-reddy/nidar_ws/src/px4_ros_com -DCMAKE_INSTALL_PREFIX=/home/bobbili-jiten-reddy/nidar_ws/install/px4_ros_com
[0.065s] -- The C compiler identification is GNU 13.3.0
[0.116s] -- The CXX compiler identification is GNU 13.3.0
[0.136s] -- Detecting C compiler ABI info
[0.231s] -- Detecting C compiler ABI info - done
[0.238s] -- Check for working C compiler: /usr/bin/cc - skipped
[0.238s] -- Detecting C compile features
[0.238s] -- Detecting C compile features - done
[0.249s] -- Detecting CXX compiler ABI info
[0.351s] -- Detecting CXX compiler ABI info - done
[0.359s] -- Check for working CXX compiler: /usr/bin/c++ - skipped
[0.359s] -- Detecting CXX compile features
[0.360s] -- Detecting CXX compile features - done
[0.364s] -- Found ament_cmake: 2.5.5 (/opt/ros/jazzy/share/ament_cmake/cmake)
[0.503s] -- Found Python3: /usr/bin/python3 (found version "3.12.3") found components: Interpreter 
[0.620s] -- Found builtin_interfaces: 2.0.3 (/opt/ros/jazzy/share/builtin_interfaces/cmake)
[0.668s] -- Found rosidl_generator_c: 4.6.7 (/opt/ros/jazzy/share/rosidl_generator_c/cmake)
[0.685s] -- Found rosidl_generator_cpp: 4.6.7 (/opt/ros/jazzy/share/rosidl_generator_cpp/cmake)
[0.704s] -- Using all available rosidl_typesupport_c: rosidl_typesupport_fastrtps_c;rosidl_typesupport_introspection_c
[0.725s] -- Using all available rosidl_typesupport_cpp: rosidl_typesupport_fastrtps_cpp;rosidl_typesupport_introspection_cpp
[0.747s] -- Found eigen3_cmake_module: 0.3.0 (/opt/ros/jazzy/share/eigen3_cmake_module/cmake)
[0.759s] -- Found Eigen3: TRUE (found version "3.4.0") 
[0.763s] -- Found geometry_msgs: 5.3.6 (/opt/ros/jazzy/share/geometry_msgs/cmake)
[0.805s] -- Found px4_msgs: 2.0.1 (/home/bobbili-jiten-reddy/nidar_ws/install/px4_msgs/share/px4_msgs/cmake)
[0.839s] -- Found rclcpp: 28.1.16 (/opt/ros/jazzy/share/rclcpp/cmake)
[0.906s] -- Found rmw_implementation_cmake: 7.3.3 (/opt/ros/jazzy/share/rmw_implementation_cmake/cmake)
[0.911s] -- Found rmw_fastrtps_cpp: 8.4.3 (/opt/ros/jazzy/share/rmw_fastrtps_cpp/cmake)
[1.034s] -- Found OpenSSL: /usr/lib/x86_64-linux-gnu/libcrypto.so (found version "3.0.13")  
[1.056s] -- Found FastRTPS: /opt/ros/jazzy/include (Required is at least version "2.13") 
[1.083s] -- Using RMW implementation 'rmw_fastrtps_cpp' as default
[1.174s] -- Found sensor_msgs: 5.3.6 (/opt/ros/jazzy/share/sensor_msgs/cmake)
[1.204s] -- Found rclpy: 7.1.9 (/opt/ros/jazzy/share/rclpy/cmake)
[1.214s] -- Found ament_lint_auto: 0.17.4 (/opt/ros/jazzy/share/ament_lint_auto/cmake)
[1.351s] -- Added test 'copyright' to check source files copyright and LICENSE
[1.357s] -- Added test 'cppcheck' to perform static code analysis on C / C++ code
[1.357s] -- Configured cppcheck include dirs: /home/bobbili-jiten-reddy/nidar_ws/src/px4_ros_com/include;$<BUILD_INTERFACE:/home/bobbili-jiten-reddy/nidar_ws/src/px4_ros_com/include/px4_ros_com>
[1.357s] -- Configured cppcheck exclude dirs and/or files: 
[1.362s] -- Added test 'cpplint' to check C / C++ code against the Google style
[1.362s] -- Configured cpplint exclude dirs and/or files: 
[1.364s] -- Added test 'flake8' to check Python code syntax and style conventions
[1.364s] -- Configured 'flake8' exclude dirs and/or files: 
[1.366s] -- Added test 'lint_cmake' to check CMake code style
[1.367s] -- Added test 'pep257' to check Python code against some of the docstring style conventions in PEP 257
[1.372s] -- Added test 'uncrustify' to check C / C++ code style
[1.372s] -- Configured uncrustify additional arguments: 
[1.373s] -- Added test 'xmllint' to check XML markup files
[1.376s] -- Configuring done (1.4s)
[1.402s] -- Generating done (0.0s)
[1.409s] -- Build files have been written to: /home/bobbili-jiten-reddy/nidar_ws/build/px4_ros_com
[1.422s] Invoked command in '/home/bobbili-jiten-reddy/nidar_ws/build/px4_ros_com' returned '0': AMENT_PREFIX_PATH=/home/bobbili-jiten-reddy/nidar_ws/install/px4_msgs:${AMENT_PREFIX_PATH} CMAKE_PREFIX_PATH=/home/bobbili-jiten-reddy/nidar_ws/install/px4_msgs:/opt/ros/jazzy/opt/gz_sim_vendor:/opt/ros/jazzy/opt/gz_sensors_vendor:/opt/ros/jazzy/opt/gz_physics_vendor:/opt/ros/jazzy/opt/sdformat_vendor:/opt/ros/jazzy/opt/gz_gui_vendor:/opt/ros/jazzy/opt/gz_transport_vendor:/opt/ros/jazzy/opt/gz_rendering_vendor:/opt/ros/jazzy/opt/gz_plugin_vendor:/opt/ros/jazzy/opt/gz_fuel_tools_vendor:/opt/ros/jazzy/opt/gz_msgs_vendor:/opt/ros/jazzy/opt/gz_common_vendor:/opt/ros/jazzy/opt/gz_math_vendor:/opt/ros/jazzy/opt/gz_utils_vendor:/opt/ros/jazzy/opt/gz_tools_vendor:/opt/ros/jazzy/opt/gz_ogre_next_vendor:/opt/ros/jazzy/opt/gz_dartsim_vendor:/opt/ros/jazzy/opt/gz_cmake_vendor:/opt/ros/jazzy DEBUGINFOD_URLS=https://debuginfod.ubuntu.com LD_LIBRARY_PATH=/home/bobbili-jiten-reddy/nidar_ws/install/px4_msgs/lib:${LD_LIBRARY_PATH} PYTHONPATH=/home/bobbili-jiten-reddy/nidar_ws/install/px4_msgs/lib/python3.12/site-packages:${PYTHONPATH} /usr/bin/cmake /home/bobbili-jiten-reddy/nidar_ws/src/px4_ros_com -DCMAKE_INSTALL_PREFIX=/home/bobbili-jiten-reddy/nidar_ws/install/px4_ros_com
[1.423s] Invoking command in '/home/bobbili-jiten-reddy/nidar_ws/build/px4_ros_com': AMENT_PREFIX_PATH=/home/bobbili-jiten-reddy/nidar_ws/install/px4_msgs:${AMENT_PREFIX_PATH} CMAKE_PREFIX_PATH=/home/bobbili-jiten-reddy/nidar_ws/install/px4_msgs:/opt/ros/jazzy/opt/gz_sim_vendor:/opt/ros/jazzy/opt/gz_sensors_vendor:/opt/ros/jazzy/opt/gz_physics_vendor:/opt/ros/jazzy/opt/sdformat_vendor:/opt/ros/jazzy/opt/gz_gui_vendor:/opt/ros/jazzy/opt/gz_transport_vendor:/opt/ros/jazzy/opt/gz_rendering_vendor:/opt/ros/jazzy/opt/gz_plugin_vendor:/opt/ros/jazzy/opt/gz_fuel_tools_vendor:/opt/ros/jazzy/opt/gz_msgs_vendor:/opt/ros/jazzy/opt/gz_common_vendor:/opt/ros/jazzy/opt/gz_math_vendor:/opt/ros/jazzy/opt/gz_utils_vendor:/opt/ros/jazzy/opt/gz_tools_vendor:/opt/ros/jazzy/opt/gz_ogre_next_vendor:/opt/ros/jazzy/opt/gz_dartsim_vendor:/opt/ros/jazzy/opt/gz_cmake_vendor:/opt/ros/jazzy DEBUGINFOD_URLS=https://debuginfod.ubuntu.com LD_LIBRARY_PATH=/home/bobbili-jiten-reddy/nidar_ws/install/px4_msgs/lib:${LD_LIBRARY_PATH} PYTHONPATH=/home/bobbili-jiten-reddy/nidar_ws/install/px4_msgs/lib/python3.12/site-packages:${PYTHONPATH} /usr/bin/cmake --build /home/bobbili-jiten-reddy/nidar_ws/build/px4_ros_com -- -j16 -l16
[1.482s] [ 41%] [32mBuilding CXX object CMakeFiles/offboard_control.dir/src/examples/offboard/offboard_control.cpp.o[0m
[1.483s] [ 41%] [32mBuilding CXX object CMakeFiles/debug_vect_advertiser.dir/src/examples/advertisers/debug_vect_advertiser.cpp.o[0m
[1.483s] [ 41%] [32mBuilding CXX object CMakeFiles/frame_transforms.dir/src/lib/frame_transforms.cpp.o[0m
[1.483s] [ 41%] [32mBuilding CXX object CMakeFiles/sensor_combined_listener.dir/src/examples/listeners/sensor_combined_listener.cpp.o[0m
[1.483s] [ 50%] [32mBuilding CXX object CMakeFiles/offboard_control_srv.dir/src/examples/offboard/offboard_control_srv.cpp.o[0m
[1.483s] [ 50%] [32mBuilding CXX object CMakeFiles/vehicle_gps_position_listener.dir/src/examples/listeners/vehicle_gps_position_listener.cpp.o[0m
[1.492s] [ 50%] Built target ament_cmake_python_copy_px4_ros_com
[1.696s] running egg_info
[1.696s] creating px4_ros_com.egg-info
[1.723s] writing px4_ros_com.egg-info/PKG-INFO
[1.723s] writing dependency_links to px4_ros_com.egg-info/dependency_links.txt
[1.723s] writing top-level names to px4_ros_com.egg-info/top_level.txt
[1.724s] writing manifest file 'px4_ros_com.egg-info/SOURCES.txt'
[1.786s] reading manifest file 'px4_ros_com.egg-info/SOURCES.txt'
[1.787s] writing manifest file 'px4_ros_com.egg-info/SOURCES.txt'
[1.821s] [ 50%] Built target ament_cmake_python_build_px4_ros_com_egg
[5.557s] [ 58%] [32m[1mLinking CXX executable debug_vect_advertiser[0m
[5.801s] [ 58%] Built target debug_vect_advertiser
[7.042s] [ 66%] [32m[1mLinking CXX executable offboard_control[0m
[7.233s] [ 75%] [32m[1mLinking CXX executable offboard_control_srv[0m
[7.266s] [ 75%] Built target offboard_control
[7.449s] [ 75%] Built target offboard_control_srv
[7.535s] [ 83%] [32m[1mLinking CXX shared library libframe_transforms.so[0m
[7.747s] [ 83%] Built target frame_transforms
[8.258s] [ 91%] [32m[1mLinking CXX executable sensor_combined_listener[0m
[8.279s] [100%] [32m[1mLinking CXX executable vehicle_gps_position_listener[0m
[8.536s] [100%] Built target sensor_combined_listener
[8.541s] [100%] Built target vehicle_gps_position_listener
[8.554s] Invoked command in '/home/bobbili-jiten-reddy/nidar_ws/build/px4_ros_com' returned '0': AMENT_PREFIX_PATH=/home/bobbili-jiten-reddy/nidar_ws/install/px4_msgs:${AMENT_PREFIX_PATH} CMAKE_PREFIX_PATH=/home/bobbili-jiten-reddy/nidar_ws/install/px4_msgs:/opt/ros/jazzy/opt/gz_sim_vendor:/opt/ros/jazzy/opt/gz_sensors_vendor:/opt/ros/jazzy/opt/gz_physics_vendor:/opt/ros/jazzy/opt/sdformat_vendor:/opt/ros/jazzy/opt/gz_gui_vendor:/opt/ros/jazzy/opt/gz_transport_vendor:/opt/ros/jazzy/opt/gz_rendering_vendor:/opt/ros/jazzy/opt/gz_plugin_vendor:/opt/ros/jazzy/opt/gz_fuel_tools_vendor:/opt/ros/jazzy/opt/gz_msgs_vendor:/opt/ros/jazzy/opt/gz_common_vendor:/opt/ros/jazzy/opt/gz_math_vendor:/opt/ros/jazzy/opt/gz_utils_vendor:/opt/ros/jazzy/opt/gz_tools_vendor:/opt/ros/jazzy/opt/gz_ogre_next_vendor:/opt/ros/jazzy/opt/gz_dartsim_vendor:/opt/ros/jazzy/opt/gz_cmake_vendor:/opt/ros/jazzy DEBUGINFOD_URLS=https://debuginfod.ubuntu.com LD_LIBRARY_PATH=/home/bobbili-jiten-reddy/nidar_ws/install/px4_msgs/lib:${LD_LIBRARY_PATH} PYTHONPATH=/home/bobbili-jiten-reddy/nidar_ws/install/px4_msgs/lib/python3.12/site-packages:${PYTHONPATH} /usr/bin/cmake --build /home/bobbili-jiten-reddy/nidar_ws/build/px4_ros_com -- -j16 -l16
[8.555s] Invoking command in '/home/bobbili-jiten-reddy/nidar_ws/build/px4_ros_com': AMENT_PREFIX_PATH=/home/bobbili-jiten-reddy/nidar_ws/install/px4_msgs:${AMENT_PREFIX_PATH} CMAKE_PREFIX_PATH=/home/bobbili-jiten-reddy/nidar_ws/install/px4_msgs:/opt/ros/jazzy/opt/gz_sim_vendor:/opt/ros/jazzy/opt/gz_sensors_vendor:/opt/ros/jazzy/opt/gz_physics_vendor:/opt/ros/jazzy/opt/sdformat_vendor:/opt/ros/jazzy/opt/gz_gui_vendor:/opt/ros/jazzy/opt/gz_transport_vendor:/opt/ros/jazzy/opt/gz_rendering_vendor:/opt/ros/jazzy/opt/gz_plugin_vendor:/opt/ros/jazzy/opt/gz_fuel_tools_vendor:/opt/ros/jazzy/opt/gz_msgs_vendor:/opt/ros/jazzy/opt/gz_common_vendor:/opt/ros/jazzy/opt/gz_math_vendor:/opt/ros/jazzy/opt/gz_utils_vendor:/opt/ros/jazzy/opt/gz_tools_vendor:/opt/ros/jazzy/opt/gz_ogre_next_vendor:/opt/ros/jazzy/opt/gz_dartsim_vendor:/opt/ros/jazzy/opt/gz_cmake_vendor:/opt/ros/jazzy DEBUGINFOD_URLS=https://debuginfod.ubuntu.com LD_LIBRARY_PATH=/home/bobbili-jiten-reddy/nidar_ws/install/px4_msgs/lib:${LD_LIBRARY_PATH} PYTHONPATH=/home/bobbili-jiten-reddy/nidar_ws/install/px4_msgs/lib/python3.12/site-packages:${PYTHONPATH} /usr/bin/cmake --install /home/bobbili-jiten-reddy/nidar_ws/build/px4_ros_com
[8.565s] -- Install configuration: ""
[8.566s] -- Installing: /home/bobbili-jiten-reddy/nidar_ws/install/px4_ros_com/lib/px4_ros_com/sensor_combined_listener
[8.570s] -- Set non-toolchain portion of runtime path of "/home/bobbili-jiten-reddy/nidar_ws/install/px4_ros_com/lib/px4_ros_com/sensor_combined_listener" to ""
[8.570s] -- Installing: /home/bobbili-jiten-reddy/nidar_ws/install/px4_ros_com/lib/px4_ros_com/vehicle_gps_position_listener
[8.574s] -- Set non-toolchain portion of runtime path of "/home/bobbili-jiten-reddy/nidar_ws/install/px4_ros_com/lib/px4_ros_com/vehicle_gps_position_listener" to ""
[8.574s] -- Installing: /home/bobbili-jiten-reddy/nidar_ws/install/px4_ros_com/lib/px4_ros_com/debug_vect_advertiser
[8.575s] -- Set non-toolchain portion of runtime path of "/home/bobbili-jiten-reddy/nidar_ws/install/px4_ros_com/lib/px4_ros_com/debug_vect_advertiser" to ""
[8.575s] -- Installing: /home/bobbili-jiten-reddy/nidar_ws/install/px4_ros_com/lib/px4_ros_com/offboard_control
[8.577s] -- Set non-toolchain portion of runtime path of "/home/bobbili-jiten-reddy/nidar_ws/install/px4_ros_com/lib/px4_ros_com/offboard_control" to ""
[8.577s] -- Installing: /home/bobbili-jiten-reddy/nidar_ws/install/px4_ros_com/lib/px4_ros_com/offboard_control_srv
[8.579s] -- Set non-toolchain portion of runtime path of "/home/bobbili-jiten-reddy/nidar_ws/install/px4_ros_com/lib/px4_ros_com/offboard_control_srv" to ""
[8.579s] -- Installing: /home/bobbili-jiten-reddy/nidar_ws/install/px4_ros_com/share/px4_ros_com/environment/library_path.sh
[8.579s] -- Installing: /home/bobbili-jiten-reddy/nidar_ws/install/px4_ros_com/share/px4_ros_com/environment/library_path.dsv
[8.579s] -- Installing: /home/bobbili-jiten-reddy/nidar_ws/install/px4_ros_com/include/px4_ros_com
[8.579s] -- Installing: /home/bobbili-jiten-reddy/nidar_ws/install/px4_ros_com/include/px4_ros_com/frame_transforms.h
[8.580s] -- Installing: /home/bobbili-jiten-reddy/nidar_ws/install/px4_ros_com/lib/libframe_transforms.so
[8.582s] -- Set non-toolchain portion of runtime path of "/home/bobbili-jiten-reddy/nidar_ws/install/px4_ros_com/lib/libframe_transforms.so" to ""
[8.583s] -- Installing: /home/bobbili-jiten-reddy/nidar_ws/install/px4_ros_com/share/px4_ros_com//launch
[8.583s] -- Installing: /home/bobbili-jiten-reddy/nidar_ws/install/px4_ros_com/share/px4_ros_com//launch/sensor_combined_listener.launch.py
[8.583s] -- Installing: /home/bobbili-jiten-reddy/nidar_ws/install/px4_ros_com/share/px4_ros_com//launch/offboard_control_launch.yaml
[8.583s] -- Installing: /home/bobbili-jiten-reddy/nidar_ws/install/px4_ros_com/share/px4_ros_com//test
[8.583s] -- Installing: /home/bobbili-jiten-reddy/nidar_ws/install/px4_ros_com/share/px4_ros_com//test/test_output.py
[8.583s] -- Installing: /home/bobbili-jiten-reddy/nidar_ws/install/px4_ros_com/share/px4_ros_com//test/__init__.py
[8.583s] -- Installing: /home/bobbili-jiten-reddy/nidar_ws/install/px4_ros_com/share/px4_ros_com//test/pipeline_io_test.py
[8.584s] -- Installing: /home/bobbili-jiten-reddy/nidar_ws/install/px4_ros_com/share/px4_ros_com//test/test_input.py
[8.584s] -- Installing: /home/bobbili-jiten-reddy/nidar_ws/install/px4_ros_com/share/px4_ros_com/environment/pythonpath.sh
[8.584s] -- Installing: /home/bobbili-jiten-reddy/nidar_ws/install/px4_ros_com/share/px4_ros_com/environment/pythonpath.dsv
[8.584s] -- Installing: /home/bobbili-jiten-reddy/nidar_ws/install/px4_ros_com/lib/python3.12/site-packages/px4_ros_com-0.1.0-py3.12.egg-info
[8.584s] -- Installing: /home/bobbili-jiten-reddy/nidar_ws/install/px4_ros_com/lib/python3.12/site-packages/px4_ros_com-0.1.0-py3.12.egg-info/dependency_links.txt
[8.584s] -- Installing: /home/bobbili-jiten-reddy/nidar_ws/install/px4_ros_com/lib/python3.12/site-packages/px4_ros_com-0.1.0-py3.12.egg-info/SOURCES.txt
[8.584s] -- Installing: /home/bobbili-jiten-reddy/nidar_ws/install/px4_ros_com/lib/python3.12/site-packages/px4_ros_com-0.1.0-py3.12.egg-info/PKG-INFO
[8.584s] -- Installing: /home/bobbili-jiten-reddy/nidar_ws/install/px4_ros_com/lib/python3.12/site-packages/px4_ros_com-0.1.0-py3.12.egg-info/top_level.txt
[8.584s] -- Installing: /home/bobbili-jiten-reddy/nidar_ws/install/px4_ros_com/lib/python3.12/site-packages/px4_ros_com
[8.584s] -- Installing: /home/bobbili-jiten-reddy/nidar_ws/install/px4_ros_com/lib/python3.12/site-packages/px4_ros_com/__init__.py
[8.584s] -- Installing: /home/bobbili-jiten-reddy/nidar_ws/install/px4_ros_com/lib/python3.12/site-packages/px4_ros_com/module_to_import.py
[8.615s] Listing '/home/bobbili-jiten-reddy/nidar_ws/install/px4_ros_com/lib/python3.12/site-packages/px4_ros_com'...
[8.615s] Compiling '/home/bobbili-jiten-reddy/nidar_ws/install/px4_ros_com/lib/python3.12/site-packages/px4_ros_com/__init__.py'...
[8.615s] Compiling '/home/bobbili-jiten-reddy/nidar_ws/install/px4_ros_com/lib/python3.12/site-packages/px4_ros_com/module_to_import.py'...
[8.620s] -- Installing: /home/bobbili-jiten-reddy/nidar_ws/install/px4_ros_com/lib/px4_ros_com/offboard_control.py
[8.624s] -- Installing: /home/bobbili-jiten-reddy/nidar_ws/install/px4_ros_com/share/ament_index/resource_index/package_run_dependencies/px4_ros_com
[8.625s] -- Installing: /home/bobbili-jiten-reddy/nidar_ws/install/px4_ros_com/share/ament_index/resource_index/parent_prefix_path/px4_ros_com
[8.625s] -- Installing: /home/bobbili-jiten-reddy/nidar_ws/install/px4_ros_com/share/px4_ros_com/environment/ament_prefix_path.sh
[8.625s] -- Installing: /home/bobbili-jiten-reddy/nidar_ws/install/px4_ros_com/share/px4_ros_com/environment/ament_prefix_path.dsv
[8.625s] -- Installing: /home/bobbili-jiten-reddy/nidar_ws/install/px4_ros_com/share/px4_ros_com/environment/path.sh
[8.625s] -- Installing: /home/bobbili-jiten-reddy/nidar_ws/install/px4_ros_com/share/px4_ros_com/environment/path.dsv
[8.625s] -- Installing: /home/bobbili-jiten-reddy/nidar_ws/install/px4_ros_com/share/px4_ros_com/local_setup.bash
[8.625s] -- Installing: /home/bobbili-jiten-reddy/nidar_ws/install/px4_ros_com/share/px4_ros_com/local_setup.sh
[8.625s] -- Installing: /home/bobbili-jiten-reddy/nidar_ws/install/px4_ros_com/share/px4_ros_com/local_setup.zsh
[8.626s] -- Installing: /home/bobbili-jiten-reddy/nidar_ws/install/px4_ros_com/share/px4_ros_com/local_setup.dsv
[8.626s] -- Installing: /home/bobbili-jiten-reddy/nidar_ws/install/px4_ros_com/share/px4_ros_com/package.dsv
[8.626s] -- Installing: /home/bobbili-jiten-reddy/nidar_ws/install/px4_ros_com/share/ament_index/resource_index/packages/px4_ros_com
[8.626s] -- Installing: /home/bobbili-jiten-reddy/nidar_ws/install/px4_ros_com/share/px4_ros_com/cmake/export_frame_transformsExport.cmake
[8.626s] -- Installing: /home/bobbili-jiten-reddy/nidar_ws/install/px4_ros_com/share/px4_ros_com/cmake/export_frame_transformsExport-noconfig.cmake
[8.626s] -- Installing: /home/bobbili-jiten-reddy/nidar_ws/install/px4_ros_com/share/px4_ros_com/cmake/ament_cmake_export_dependencies-extras.cmake
[8.626s] -- Installing: /home/bobbili-jiten-reddy/nidar_ws/install/px4_ros_com/share/px4_ros_com/cmake/ament_cmake_export_targets-extras.cmake
[8.627s] -- Installing: /home/bobbili-jiten-reddy/nidar_ws/install/px4_ros_com/share/px4_ros_com/cmake/ament_cmake_export_include_directories-extras.cmake
[8.627s] -- Installing: /home/bobbili-jiten-reddy/nidar_ws/install/px4_ros_com/share/px4_ros_com/cmake/ament_cmake_export_libraries-extras.cmake
[8.627s] -- Installing: /home/bobbili-jiten-reddy/nidar_ws/install/px4_ros_com/share/px4_ros_com/cmake/px4_ros_comConfig.cmake
[8.627s] -- Installing: /home/bobbili-jiten-reddy/nidar_ws/install/px4_ros_com/share/px4_ros_com/cmake/px4_ros_comConfig-version.cmake
[8.627s] -- Installing: /home/bobbili-jiten-reddy/nidar_ws/install/px4_ros_com/share/px4_ros_com/package.xml
[8.630s] Invoked command in '/home/bobbili-jiten-reddy/nidar_ws/build/px4_ros_com' returned '0': AMENT_PREFIX_PATH=/home/bobbili-jiten-reddy/nidar_ws/install/px4_msgs:${AMENT_PREFIX_PATH} CMAKE_PREFIX_PATH=/home/bobbili-jiten-reddy/nidar_ws/install/px4_msgs:/opt/ros/jazzy/opt/gz_sim_vendor:/opt/ros/jazzy/opt/gz_sensors_vendor:/opt/ros/jazzy/opt/gz_physics_vendor:/opt/ros/jazzy/opt/sdformat_vendor:/opt/ros/jazzy/opt/gz_gui_vendor:/opt/ros/jazzy/opt/gz_transport_vendor:/opt/ros/jazzy/opt/gz_rendering_vendor:/opt/ros/jazzy/opt/gz_plugin_vendor:/opt/ros/jazzy/opt/gz_fuel_tools_vendor:/opt/ros/jazzy/opt/gz_msgs_vendor:/opt/ros/jazzy/opt/gz_common_vendor:/opt/ros/jazzy/opt/gz_math_vendor:/opt/ros/jazzy/opt/gz_utils_vendor:/opt/ros/jazzy/opt/gz_tools_vendor:/opt/ros/jazzy/opt/gz_ogre_next_vendor:/opt/ros/jazzy/opt/gz_dartsim_vendor:/opt/ros/jazzy/opt/gz_cmake_vendor:/opt/ros/jazzy DEBUGINFOD_URLS=https://debuginfod.ubuntu.com LD_LIBRARY_PATH=/home/bobbili-jiten-reddy/nidar_ws/install/px4_msgs/lib:${LD_LIBRARY_PATH} PYTHONPATH=/home/bobbili-jiten-reddy/nidar_ws/install/px4_msgs/lib/python3.12/site-packages:${PYTHONPATH} /usr/bin/cmake --install /home/bobbili-jiten-reddy/nidar_ws/build/px4_ros_com
