[0.775s] Invoking command in '/home/bobbili-jiten-reddy/nidar_ws/src/my_pkg': DEBUGINFOD_URLS=https://debuginfod.ubuntu.com PYTHONPATH=/home/bobbili-jiten-reddy/nidar_ws/build/my_pkg/prefix_override:/usr/lib/python3/dist-packages/colcon_core/task/python/colcon_distutils_commands:/home/bobbili-jiten-reddy/nidar_ws/install/my_pkg/lib/python3.12/site-packages:${PYTHONPATH} /usr/bin/python3 -W ignore:setup.py install is deprecated -W ignore:easy_install command is deprecated setup.py egg_info --egg-base ../../build/my_pkg build --build-base /home/bobbili-jiten-reddy/nidar_ws/build/my_pkg/build install --record /home/bobbili-jiten-reddy/nidar_ws/build/my_pkg/install.log --single-version-externally-managed install_data
[1.028s] running egg_info
[1.050s] writing ../../build/my_pkg/my_pkg.egg-info/PKG-INFO
[1.050s] writing dependency_links to ../../build/my_pkg/my_pkg.egg-info/dependency_links.txt
[1.050s] writing entry points to ../../build/my_pkg/my_pkg.egg-info/entry_points.txt
[1.050s] writing requirements to ../../build/my_pkg/my_pkg.egg-info/requires.txt
[1.050s] writing top-level names to ../../build/my_pkg/my_pkg.egg-info/top_level.txt
[1.090s] reading manifest file '../../build/my_pkg/my_pkg.egg-info/SOURCES.txt'
[1.090s] writing manifest file '../../build/my_pkg/my_pkg.egg-info/SOURCES.txt'
[1.091s] running build
[1.091s] running build_py
[1.091s] running install
[1.096s] running install_lib
[1.116s] running install_data
[1.116s] running install_egg_info
[1.137s] removing '/home/bobbili-jiten-reddy/nidar_ws/install/my_pkg/lib/python3.12/site-packages/my_pkg-0.0.0-py3.12.egg-info' (and everything under it)
[1.137s] Copying ../../build/my_pkg/my_pkg.egg-info to /home/bobbili-jiten-reddy/nidar_ws/install/my_pkg/lib/python3.12/site-packages/my_pkg-0.0.0-py3.12.egg-info
[1.138s] running install_scripts
[1.267s] Installing altitude_listener script to /home/bobbili-jiten-reddy/nidar_ws/install/my_pkg/lib/my_pkg
[1.267s] writing list of installed files to '/home/bobbili-jiten-reddy/nidar_ws/build/my_pkg/install.log'
[1.294s] Invoked command in '/home/bobbili-jiten-reddy/nidar_ws/src/my_pkg' returned '0': DEBUGINFOD_URLS=https://debuginfod.ubuntu.com PYTHONPATH=/home/bobbili-jiten-reddy/nidar_ws/build/my_pkg/prefix_override:/usr/lib/python3/dist-packages/colcon_core/task/python/colcon_distutils_commands:/home/bobbili-jiten-reddy/nidar_ws/install/my_pkg/lib/python3.12/site-packages:${PYTHONPATH} /usr/bin/python3 -W ignore:setup.py install is deprecated -W ignore:easy_install command is deprecated setup.py egg_info --egg-base ../../build/my_pkg build --build-base /home/bobbili-jiten-reddy/nidar_ws/build/my_pkg/build install --record /home/bobbili-jiten-reddy/nidar_ws/build/my_pkg/install.log --single-version-externally-managed install_data
