[0.270s] DEBUG:colcon:Command line arguments: ['/usr/bin/colcon', 'build']
[0.270s] DEBUG:colcon:Parsed command line arguments: Namespace(log_base=None, log_level=None, verb_name='build', build_base='build', install_base='install', merge_install=False, symlink_install=False, test_result_base=None, continue_on_error=False, executor='parallel', parallel_workers=16, event_handlers=None, ignore_user_meta=False, metas=['./colcon.meta'], base_paths=['.'], packages_ignore=None, packages_ignore_regex=None, paths=None, packages_up_to=None, packages_up_to_regex=None, packages_above=None, packages_above_and_dependencies=None, packages_above_depth=None, packages_select_by_dep=None, packages_skip_by_dep=None, packages_skip_up_to=None, packages_select_build_failed=False, packages_skip_build_finished=False, packages_select_test_failures=False, packages_skip_test_passed=False, packages_select=None, packages_skip=None, packages_select_regex=None, packages_skip_regex=None, packages_start=None, packages_end=None, allow_overriding=[], cmake_args=None, cmake_target=None, cmake_target_skip_unavailable=False, cmake_clean_cache=False, cmake_clean_first=False, cmake_force_configure=False, ament_cmake_args=None, catkin_cmake_args=None, catkin_skip_building_tests=False, mixin_files=None, mixin=None, verb_parser=<colcon_mixin.mixin.mixin_argument.MixinArgumentDecorator object at 0x7b5866e9df40>, verb_extension=<colcon_core.verb.build.BuildVerb object at 0x7b5866fce720>, main=<bound method BuildVerb.main of <colcon_core.verb.build.BuildVerb object at 0x7b5866fce720>>, mixin_verb=('build',))
[0.336s] Level 1:colcon.colcon_core.package_discovery:discover_packages(colcon_meta) check parameters
[0.336s] Level 1:colcon.colcon_core.package_discovery:discover_packages(recursive) check parameters
[0.336s] Level 1:colcon.colcon_core.package_discovery:discover_packages(ignore) check parameters
[0.336s] Level 1:colcon.colcon_core.package_discovery:discover_packages(path) check parameters
[0.336s] Level 1:colcon.colcon_core.package_discovery:discover_packages(colcon_meta) discover
[0.336s] Level 1:colcon.colcon_core.package_discovery:discover_packages(recursive) discover
[0.336s] INFO:colcon.colcon_core.package_discovery:Crawling recursively for packages in '/home/bobbili-jiten-reddy/nidar_ws'
[0.336s] Level 1:colcon.colcon_core.package_identification:_identify(.) by extensions ['ignore', 'ignore_ament_install']
[0.336s] Level 1:colcon.colcon_core.package_identification:_identify(.) by extension 'ignore'
[0.337s] Level 1:colcon.colcon_core.package_identification:_identify(.) by extension 'ignore_ament_install'
[0.337s] Level 1:colcon.colcon_core.package_identification:_identify(.) by extensions ['colcon_pkg']
[0.337s] Level 1:colcon.colcon_core.package_identification:_identify(.) by extension 'colcon_pkg'
[0.337s] Level 1:colcon.colcon_core.package_identification:_identify(.) by extensions ['colcon_meta']
[0.337s] Level 1:colcon.colcon_core.package_identification:_identify(.) by extension 'colcon_meta'
[0.337s] Level 1:colcon.colcon_core.package_identification:_identify(.) by extensions ['ros']
[0.337s] Level 1:colcon.colcon_core.package_identification:_identify(.) by extension 'ros'
[0.367s] Level 1:colcon.colcon_core.package_identification:_identify(.) by extensions ['cmake', 'python']
[0.367s] Level 1:colcon.colcon_core.package_identification:_identify(.) by extension 'cmake'
[0.367s] Level 1:colcon.colcon_core.package_identification:_identify(.) by extension 'python'
[0.367s] Level 1:colcon.colcon_core.package_identification:_identify(.) by extensions ['python_setup_py']
[0.367s] Level 1:colcon.colcon_core.package_identification:_identify(.) by extension 'python_setup_py'
[0.367s] Level 1:colcon.colcon_core.package_identification:_identify(build) by extensions ['ignore', 'ignore_ament_install']
[0.367s] Level 1:colcon.colcon_core.package_identification:_identify(build) by extension 'ignore'
[0.367s] Level 1:colcon.colcon_core.package_identification:_identify(build) ignored
[0.367s] Level 1:colcon.colcon_core.package_identification:_identify(install) by extensions ['ignore', 'ignore_ament_install']
[0.368s] Level 1:colcon.colcon_core.package_identification:_identify(install) by extension 'ignore'
[0.368s] Level 1:colcon.colcon_core.package_identification:_identify(install) ignored
[0.368s] Level 1:colcon.colcon_core.package_identification:_identify(log) by extensions ['ignore', 'ignore_ament_install']
[0.368s] Level 1:colcon.colcon_core.package_identification:_identify(log) by extension 'ignore'
[0.368s] Level 1:colcon.colcon_core.package_identification:_identify(log) ignored
[0.368s] Level 1:colcon.colcon_core.package_identification:_identify(src) by extensions ['ignore', 'ignore_ament_install']
[0.368s] Level 1:colcon.colcon_core.package_identification:_identify(src) by extension 'ignore'
[0.368s] Level 1:colcon.colcon_core.package_identification:_identify(src) by extension 'ignore_ament_install'
[0.368s] Level 1:colcon.colcon_core.package_identification:_identify(src) by extensions ['colcon_pkg']
[0.368s] Level 1:colcon.colcon_core.package_identification:_identify(src) by extension 'colcon_pkg'
[0.368s] Level 1:colcon.colcon_core.package_identification:_identify(src) by extensions ['colcon_meta']
[0.368s] Level 1:colcon.colcon_core.package_identification:_identify(src) by extension 'colcon_meta'
[0.368s] Level 1:colcon.colcon_core.package_identification:_identify(src) by extensions ['ros']
[0.368s] Level 1:colcon.colcon_core.package_identification:_identify(src) by extension 'ros'
[0.368s] Level 1:colcon.colcon_core.package_identification:_identify(src) by extensions ['cmake', 'python']
[0.368s] Level 1:colcon.colcon_core.package_identification:_identify(src) by extension 'cmake'
[0.368s] Level 1:colcon.colcon_core.package_identification:_identify(src) by extension 'python'
[0.369s] Level 1:colcon.colcon_core.package_identification:_identify(src) by extensions ['python_setup_py']
[0.369s] Level 1:colcon.colcon_core.package_identification:_identify(src) by extension 'python_setup_py'
[0.369s] Level 1:colcon.colcon_core.package_identification:_identify(src/px4_msgs) by extensions ['ignore', 'ignore_ament_install']
[0.369s] Level 1:colcon.colcon_core.package_identification:_identify(src/px4_msgs) by extension 'ignore'
[0.369s] Level 1:colcon.colcon_core.package_identification:_identify(src/px4_msgs) by extension 'ignore_ament_install'
[0.369s] Level 1:colcon.colcon_core.package_identification:_identify(src/px4_msgs) by extensions ['colcon_pkg']
[0.369s] Level 1:colcon.colcon_core.package_identification:_identify(src/px4_msgs) by extension 'colcon_pkg'
[0.369s] Level 1:colcon.colcon_core.package_identification:_identify(src/px4_msgs) by extensions ['colcon_meta']
[0.369s] Level 1:colcon.colcon_core.package_identification:_identify(src/px4_msgs) by extension 'colcon_meta'
[0.369s] Level 1:colcon.colcon_core.package_identification:_identify(src/px4_msgs) by extensions ['ros']
[0.369s] Level 1:colcon.colcon_core.package_identification:_identify(src/px4_msgs) by extension 'ros'
[0.372s] DEBUG:colcon.colcon_core.package_identification:Package 'src/px4_msgs' with type 'ros.ament_cmake' and name 'px4_msgs'
[0.372s] Level 1:colcon.colcon_core.package_identification:_identify(src/px4_ros_com) by extensions ['ignore', 'ignore_ament_install']
[0.372s] Level 1:colcon.colcon_core.package_identification:_identify(src/px4_ros_com) by extension 'ignore'
[0.373s] Level 1:colcon.colcon_core.package_identification:_identify(src/px4_ros_com) by extension 'ignore_ament_install'
[0.373s] Level 1:colcon.colcon_core.package_identification:_identify(src/px4_ros_com) by extensions ['colcon_pkg']
[0.373s] Level 1:colcon.colcon_core.package_identification:_identify(src/px4_ros_com) by extension 'colcon_pkg'
[0.373s] Level 1:colcon.colcon_core.package_identification:_identify(src/px4_ros_com) by extensions ['colcon_meta']
[0.373s] Level 1:colcon.colcon_core.package_identification:_identify(src/px4_ros_com) by extension 'colcon_meta'
[0.373s] Level 1:colcon.colcon_core.package_identification:_identify(src/px4_ros_com) by extensions ['ros']
[0.373s] Level 1:colcon.colcon_core.package_identification:_identify(src/px4_ros_com) by extension 'ros'
[0.374s] DEBUG:colcon.colcon_core.package_identification:Package 'src/px4_ros_com' with type 'ros.ament_cmake' and name 'px4_ros_com'
[0.374s] Level 1:colcon.colcon_core.package_discovery:discover_packages(recursive) using defaults
[0.374s] Level 1:colcon.colcon_core.package_discovery:discover_packages(ignore) discover
[0.374s] Level 1:colcon.colcon_core.package_discovery:discover_packages(ignore) using defaults
[0.374s] Level 1:colcon.colcon_core.package_discovery:discover_packages(path) discover
[0.374s] Level 1:colcon.colcon_core.package_discovery:discover_packages(path) using defaults
[0.398s] Level 1:colcon.colcon_core.package_discovery:discover_packages(prefix_path) check parameters
[0.398s] Level 1:colcon.colcon_core.package_discovery:discover_packages(prefix_path) discover
[0.403s] DEBUG:colcon.colcon_installed_package_information.package_discovery:Found 357 installed packages in /opt/ros/jazzy
[0.404s] Level 1:colcon.colcon_core.package_discovery:discover_packages(prefix_path) using defaults
[0.462s] Level 5:colcon.colcon_core.verb:set package 'px4_msgs' build argument 'cmake_args' from command line to 'None'
[0.462s] Level 5:colcon.colcon_core.verb:set package 'px4_msgs' build argument 'cmake_target' from command line to 'None'
[0.462s] Level 5:colcon.colcon_core.verb:set package 'px4_msgs' build argument 'cmake_target_skip_unavailable' from command line to 'False'
[0.462s] Level 5:colcon.colcon_core.verb:set package 'px4_msgs' build argument 'cmake_clean_cache' from command line to 'False'
[0.462s] Level 5:colcon.colcon_core.verb:set package 'px4_msgs' build argument 'cmake_clean_first' from command line to 'False'
[0.462s] Level 5:colcon.colcon_core.verb:set package 'px4_msgs' build argument 'cmake_force_configure' from command line to 'False'
[0.462s] Level 5:colcon.colcon_core.verb:set package 'px4_msgs' build argument 'ament_cmake_args' from command line to 'None'
[0.462s] Level 5:colcon.colcon_core.verb:set package 'px4_msgs' build argument 'catkin_cmake_args' from command line to 'None'
[0.462s] Level 5:colcon.colcon_core.verb:set package 'px4_msgs' build argument 'catkin_skip_building_tests' from command line to 'False'
[0.462s] DEBUG:colcon.colcon_core.verb:Building package 'px4_msgs' with the following arguments: {'ament_cmake_args': None, 'build_base': '/home/bobbili-jiten-reddy/nidar_ws/build/px4_msgs', 'catkin_cmake_args': None, 'catkin_skip_building_tests': False, 'cmake_args': None, 'cmake_clean_cache': False, 'cmake_clean_first': False, 'cmake_force_configure': False, 'cmake_target': None, 'cmake_target_skip_unavailable': False, 'install_base': '/home/bobbili-jiten-reddy/nidar_ws/install/px4_msgs', 'merge_install': False, 'path': '/home/bobbili-jiten-reddy/nidar_ws/src/px4_msgs', 'symlink_install': False, 'test_result_base': None}
[0.462s] Level 5:colcon.colcon_core.verb:set package 'px4_ros_com' build argument 'cmake_args' from command line to 'None'
[0.462s] Level 5:colcon.colcon_core.verb:set package 'px4_ros_com' build argument 'cmake_target' from command line to 'None'
[0.462s] Level 5:colcon.colcon_core.verb:set package 'px4_ros_com' build argument 'cmake_target_skip_unavailable' from command line to 'False'
[0.462s] Level 5:colcon.colcon_core.verb:set package 'px4_ros_com' build argument 'cmake_clean_cache' from command line to 'False'
[0.462s] Level 5:colcon.colcon_core.verb:set package 'px4_ros_com' build argument 'cmake_clean_first' from command line to 'False'
[0.462s] Level 5:colcon.colcon_core.verb:set package 'px4_ros_com' build argument 'cmake_force_configure' from command line to 'False'
[0.462s] Level 5:colcon.colcon_core.verb:set package 'px4_ros_com' build argument 'ament_cmake_args' from command line to 'None'
[0.462s] Level 5:colcon.colcon_core.verb:set package 'px4_ros_com' build argument 'catkin_cmake_args' from command line to 'None'
[0.462s] Level 5:colcon.colcon_core.verb:set package 'px4_ros_com' build argument 'catkin_skip_building_tests' from command line to 'False'
[0.462s] DEBUG:colcon.colcon_core.verb:Building package 'px4_ros_com' with the following arguments: {'ament_cmake_args': None, 'build_base': '/home/bobbili-jiten-reddy/nidar_ws/build/px4_ros_com', 'catkin_cmake_args': None, 'catkin_skip_building_tests': False, 'cmake_args': None, 'cmake_clean_cache': False, 'cmake_clean_first': False, 'cmake_force_configure': False, 'cmake_target': None, 'cmake_target_skip_unavailable': False, 'install_base': '/home/bobbili-jiten-reddy/nidar_ws/install/px4_ros_com', 'merge_install': False, 'path': '/home/bobbili-jiten-reddy/nidar_ws/src/px4_ros_com', 'symlink_install': False, 'test_result_base': None}
[0.463s] INFO:colcon.colcon_core.executor:Executing jobs using 'parallel' executor
[0.464s] DEBUG:colcon.colcon_parallel_executor.executor.parallel:run_until_complete
[0.464s] INFO:colcon.colcon_ros.task.ament_cmake.build:Building ROS package in '/home/bobbili-jiten-reddy/nidar_ws/src/px4_msgs' with build type 'ament_cmake'
[0.464s] INFO:colcon.colcon_cmake.task.cmake.build:Building CMake package in '/home/bobbili-jiten-reddy/nidar_ws/src/px4_msgs'
[0.469s] INFO:colcon.colcon_core.plugin_system:Skipping extension 'colcon_core.shell.bat': Not used on non-Windows systems
[0.469s] INFO:colcon.colcon_core.shell:Skip shell extension 'powershell' for command environment: Not usable outside of PowerShell
[0.469s] DEBUG:colcon.colcon_core.shell:Skip shell extension 'dsv' for command environment
[0.480s] DEBUG:colcon.colcon_core.event_handler.log_command:Invoking command in '/home/bobbili-jiten-reddy/nidar_ws/build/px4_msgs': CMAKE_PREFIX_PATH=${CMAKE_PREFIX_PATH}:/opt/ros/jazzy DEBUGINFOD_URLS=https://debuginfod.ubuntu.com /usr/bin/cmake /home/bobbili-jiten-reddy/nidar_ws/src/px4_msgs -DCMAKE_INSTALL_PREFIX=/home/bobbili-jiten-reddy/nidar_ws/install/px4_msgs
[5.194s] DEBUG:colcon.colcon_core.event_handler.log_command:Invoked command in '/home/bobbili-jiten-reddy/nidar_ws/build/px4_msgs' returned '0': CMAKE_PREFIX_PATH=${CMAKE_PREFIX_PATH}:/opt/ros/jazzy DEBUGINFOD_URLS=https://debuginfod.ubuntu.com /usr/bin/cmake /home/bobbili-jiten-reddy/nidar_ws/src/px4_msgs -DCMAKE_INSTALL_PREFIX=/home/bobbili-jiten-reddy/nidar_ws/install/px4_msgs
[5.195s] DEBUG:colcon.colcon_core.event_handler.log_command:Invoking command in '/home/bobbili-jiten-reddy/nidar_ws/build/px4_msgs': CMAKE_PREFIX_PATH=${CMAKE_PREFIX_PATH}:/opt/ros/jazzy DEBUGINFOD_URLS=https://debuginfod.ubuntu.com /usr/bin/cmake --build /home/bobbili-jiten-reddy/nidar_ws/build/px4_msgs -- -j16 -l16
[185.757s] DEBUG:colcon.colcon_core.event_handler.log_command:Invoked command in '/home/bobbili-jiten-reddy/nidar_ws/build/px4_msgs' returned '0': CMAKE_PREFIX_PATH=${CMAKE_PREFIX_PATH}:/opt/ros/jazzy DEBUGINFOD_URLS=https://debuginfod.ubuntu.com /usr/bin/cmake --build /home/bobbili-jiten-reddy/nidar_ws/build/px4_msgs -- -j16 -l16
[185.769s] DEBUG:colcon.colcon_core.event_handler.log_command:Invoking command in '/home/bobbili-jiten-reddy/nidar_ws/build/px4_msgs': CMAKE_PREFIX_PATH=${CMAKE_PREFIX_PATH}:/opt/ros/jazzy DEBUGINFOD_URLS=https://debuginfod.ubuntu.com /usr/bin/cmake --install /home/bobbili-jiten-reddy/nidar_ws/build/px4_msgs
[187.187s] Level 1:colcon.colcon_core.environment:create_environment_scripts_only(px4_msgs)
[187.188s] DEBUG:colcon.colcon_core.event_handler.log_command:Invoked command in '/home/bobbili-jiten-reddy/nidar_ws/build/px4_msgs' returned '0': CMAKE_PREFIX_PATH=${CMAKE_PREFIX_PATH}:/opt/ros/jazzy DEBUGINFOD_URLS=https://debuginfod.ubuntu.com /usr/bin/cmake --install /home/bobbili-jiten-reddy/nidar_ws/build/px4_msgs
[187.195s] Level 1:colcon.colcon_core.environment:checking '/home/bobbili-jiten-reddy/nidar_ws/install/px4_msgs' for CMake module files
[187.195s] Level 1:colcon.colcon_core.environment:checking '/home/bobbili-jiten-reddy/nidar_ws/install/px4_msgs' for CMake config files
[187.196s] Level 1:colcon.colcon_core.shell:create_environment_hook('px4_msgs', 'cmake_prefix_path')
[187.196s] INFO:colcon.colcon_core.shell:Creating environment hook '/home/bobbili-jiten-reddy/nidar_ws/install/px4_msgs/share/px4_msgs/hook/cmake_prefix_path.ps1'
[187.197s] INFO:colcon.colcon_core.shell:Creating environment descriptor '/home/bobbili-jiten-reddy/nidar_ws/install/px4_msgs/share/px4_msgs/hook/cmake_prefix_path.dsv'
[187.198s] INFO:colcon.colcon_core.shell:Creating environment hook '/home/bobbili-jiten-reddy/nidar_ws/install/px4_msgs/share/px4_msgs/hook/cmake_prefix_path.sh'
[187.198s] Level 1:colcon.colcon_core.environment:checking '/home/bobbili-jiten-reddy/nidar_ws/install/px4_msgs/lib'
[187.198s] Level 1:colcon.colcon_core.shell:create_environment_hook('px4_msgs', 'ld_library_path_lib')
[187.198s] INFO:colcon.colcon_core.shell:Creating environment hook '/home/bobbili-jiten-reddy/nidar_ws/install/px4_msgs/share/px4_msgs/hook/ld_library_path_lib.ps1'
[187.199s] INFO:colcon.colcon_core.shell:Creating environment descriptor '/home/bobbili-jiten-reddy/nidar_ws/install/px4_msgs/share/px4_msgs/hook/ld_library_path_lib.dsv'
[187.199s] INFO:colcon.colcon_core.shell:Creating environment hook '/home/bobbili-jiten-reddy/nidar_ws/install/px4_msgs/share/px4_msgs/hook/ld_library_path_lib.sh'
[187.199s] Level 1:colcon.colcon_core.environment:checking '/home/bobbili-jiten-reddy/nidar_ws/install/px4_msgs/bin'
[187.199s] Level 1:colcon.colcon_core.environment:checking '/home/bobbili-jiten-reddy/nidar_ws/install/px4_msgs/lib/pkgconfig/px4_msgs.pc'
[187.199s] Level 1:colcon.colcon_core.environment:checking '/home/bobbili-jiten-reddy/nidar_ws/install/px4_msgs/lib/python3.12/site-packages'
[187.199s] Level 1:colcon.colcon_core.shell:create_environment_hook('px4_msgs', 'pythonpath')
[187.200s] INFO:colcon.colcon_core.shell:Creating environment hook '/home/bobbili-jiten-reddy/nidar_ws/install/px4_msgs/share/px4_msgs/hook/pythonpath.ps1'
[187.200s] INFO:colcon.colcon_core.shell:Creating environment descriptor '/home/bobbili-jiten-reddy/nidar_ws/install/px4_msgs/share/px4_msgs/hook/pythonpath.dsv'
[187.200s] INFO:colcon.colcon_core.shell:Creating environment hook '/home/bobbili-jiten-reddy/nidar_ws/install/px4_msgs/share/px4_msgs/hook/pythonpath.sh'
[187.201s] Level 1:colcon.colcon_core.environment:checking '/home/bobbili-jiten-reddy/nidar_ws/install/px4_msgs/bin'
[187.201s] INFO:colcon.colcon_core.shell:Creating package script '/home/bobbili-jiten-reddy/nidar_ws/install/px4_msgs/share/px4_msgs/package.ps1'
[187.202s] INFO:colcon.colcon_core.shell:Creating package descriptor '/home/bobbili-jiten-reddy/nidar_ws/install/px4_msgs/share/px4_msgs/package.dsv'
[187.202s] INFO:colcon.colcon_core.shell:Creating package script '/home/bobbili-jiten-reddy/nidar_ws/install/px4_msgs/share/px4_msgs/package.sh'
[187.203s] INFO:colcon.colcon_core.shell:Creating package script '/home/bobbili-jiten-reddy/nidar_ws/install/px4_msgs/share/px4_msgs/package.bash'
[187.203s] INFO:colcon.colcon_core.shell:Creating package script '/home/bobbili-jiten-reddy/nidar_ws/install/px4_msgs/share/px4_msgs/package.zsh'
[187.204s] Level 1:colcon.colcon_core.environment:create_file_with_runtime_dependencies(/home/bobbili-jiten-reddy/nidar_ws/install/px4_msgs/share/colcon-core/packages/px4_msgs)
[187.205s] Level 1:colcon.colcon_core.environment:create_environment_scripts_only(px4_msgs)
[187.205s] Level 1:colcon.colcon_core.environment:checking '/home/bobbili-jiten-reddy/nidar_ws/install/px4_msgs' for CMake module files
[187.205s] Level 1:colcon.colcon_core.environment:checking '/home/bobbili-jiten-reddy/nidar_ws/install/px4_msgs' for CMake config files
[187.206s] Level 1:colcon.colcon_core.shell:create_environment_hook('px4_msgs', 'cmake_prefix_path')
[187.206s] INFO:colcon.colcon_core.shell:Creating environment hook '/home/bobbili-jiten-reddy/nidar_ws/install/px4_msgs/share/px4_msgs/hook/cmake_prefix_path.ps1'
[187.206s] INFO:colcon.colcon_core.shell:Creating environment descriptor '/home/bobbili-jiten-reddy/nidar_ws/install/px4_msgs/share/px4_msgs/hook/cmake_prefix_path.dsv'
[187.206s] INFO:colcon.colcon_core.shell:Creating environment hook '/home/bobbili-jiten-reddy/nidar_ws/install/px4_msgs/share/px4_msgs/hook/cmake_prefix_path.sh'
[187.207s] Level 1:colcon.colcon_core.environment:checking '/home/bobbili-jiten-reddy/nidar_ws/install/px4_msgs/lib'
[187.207s] Level 1:colcon.colcon_core.shell:create_environment_hook('px4_msgs', 'ld_library_path_lib')
[187.207s] INFO:colcon.colcon_core.shell:Creating environment hook '/home/bobbili-jiten-reddy/nidar_ws/install/px4_msgs/share/px4_msgs/hook/ld_library_path_lib.ps1'
[187.207s] INFO:colcon.colcon_core.shell:Creating environment descriptor '/home/bobbili-jiten-reddy/nidar_ws/install/px4_msgs/share/px4_msgs/hook/ld_library_path_lib.dsv'
[187.208s] INFO:colcon.colcon_core.shell:Creating environment hook '/home/bobbili-jiten-reddy/nidar_ws/install/px4_msgs/share/px4_msgs/hook/ld_library_path_lib.sh'
[187.208s] Level 1:colcon.colcon_core.environment:checking '/home/bobbili-jiten-reddy/nidar_ws/install/px4_msgs/bin'
[187.208s] Level 1:colcon.colcon_core.environment:checking '/home/bobbili-jiten-reddy/nidar_ws/install/px4_msgs/lib/pkgconfig/px4_msgs.pc'
[187.208s] Level 1:colcon.colcon_core.environment:checking '/home/bobbili-jiten-reddy/nidar_ws/install/px4_msgs/lib/python3.12/site-packages'
[187.208s] Level 1:colcon.colcon_core.shell:create_environment_hook('px4_msgs', 'pythonpath')
[187.208s] INFO:colcon.colcon_core.shell:Creating environment hook '/home/bobbili-jiten-reddy/nidar_ws/install/px4_msgs/share/px4_msgs/hook/pythonpath.ps1'
[187.209s] INFO:colcon.colcon_core.shell:Creating environment descriptor '/home/bobbili-jiten-reddy/nidar_ws/install/px4_msgs/share/px4_msgs/hook/pythonpath.dsv'
[187.209s] INFO:colcon.colcon_core.shell:Creating environment hook '/home/bobbili-jiten-reddy/nidar_ws/install/px4_msgs/share/px4_msgs/hook/pythonpath.sh'
[187.209s] Level 1:colcon.colcon_core.environment:checking '/home/bobbili-jiten-reddy/nidar_ws/install/px4_msgs/bin'
[187.210s] INFO:colcon.colcon_core.shell:Creating package script '/home/bobbili-jiten-reddy/nidar_ws/install/px4_msgs/share/px4_msgs/package.ps1'
[187.210s] INFO:colcon.colcon_core.shell:Creating package descriptor '/home/bobbili-jiten-reddy/nidar_ws/install/px4_msgs/share/px4_msgs/package.dsv'
[187.210s] INFO:colcon.colcon_core.shell:Creating package script '/home/bobbili-jiten-reddy/nidar_ws/install/px4_msgs/share/px4_msgs/package.sh'
[187.211s] INFO:colcon.colcon_core.shell:Creating package script '/home/bobbili-jiten-reddy/nidar_ws/install/px4_msgs/share/px4_msgs/package.bash'
[187.211s] INFO:colcon.colcon_core.shell:Creating package script '/home/bobbili-jiten-reddy/nidar_ws/install/px4_msgs/share/px4_msgs/package.zsh'
[187.211s] Level 1:colcon.colcon_core.environment:create_file_with_runtime_dependencies(/home/bobbili-jiten-reddy/nidar_ws/install/px4_msgs/share/colcon-core/packages/px4_msgs)
[187.211s] INFO:colcon.colcon_ros.task.ament_cmake.build:Building ROS package in '/home/bobbili-jiten-reddy/nidar_ws/src/px4_ros_com' with build type 'ament_cmake'
[187.211s] INFO:colcon.colcon_cmake.task.cmake.build:Building CMake package in '/home/bobbili-jiten-reddy/nidar_ws/src/px4_ros_com'
[187.212s] INFO:colcon.colcon_core.shell:Skip shell extension 'powershell' for command environment: Not usable outside of PowerShell
[187.212s] DEBUG:colcon.colcon_core.shell:Skip shell extension 'dsv' for command environment
[187.223s] DEBUG:colcon.colcon_core.event_handler.log_command:Invoking command in '/home/bobbili-jiten-reddy/nidar_ws/build/px4_ros_com': AMENT_PREFIX_PATH=/home/bobbili-jiten-reddy/nidar_ws/install/px4_msgs:${AMENT_PREFIX_PATH} CMAKE_PREFIX_PATH=/home/bobbili-jiten-reddy/nidar_ws/install/px4_msgs:/opt/ros/jazzy/opt/gz_sim_vendor:/opt/ros/jazzy/opt/gz_sensors_vendor:/opt/ros/jazzy/opt/gz_physics_vendor:/opt/ros/jazzy/opt/sdformat_vendor:/opt/ros/jazzy/opt/gz_gui_vendor:/opt/ros/jazzy/opt/gz_transport_vendor:/opt/ros/jazzy/opt/gz_rendering_vendor:/opt/ros/jazzy/opt/gz_plugin_vendor:/opt/ros/jazzy/opt/gz_fuel_tools_vendor:/opt/ros/jazzy/opt/gz_msgs_vendor:/opt/ros/jazzy/opt/gz_common_vendor:/opt/ros/jazzy/opt/gz_math_vendor:/opt/ros/jazzy/opt/gz_utils_vendor:/opt/ros/jazzy/opt/gz_tools_vendor:/opt/ros/jazzy/opt/gz_ogre_next_vendor:/opt/ros/jazzy/opt/gz_dartsim_vendor:/opt/ros/jazzy/opt/gz_cmake_vendor:/opt/ros/jazzy DEBUGINFOD_URLS=https://debuginfod.ubuntu.com LD_LIBRARY_PATH=/home/bobbili-jiten-reddy/nidar_ws/install/px4_msgs/lib:${LD_LIBRARY_PATH} PYTHONPATH=/home/bobbili-jiten-reddy/nidar_ws/install/px4_msgs/lib/python3.12/site-packages:${PYTHONPATH} /usr/bin/cmake /home/bobbili-jiten-reddy/nidar_ws/src/px4_ros_com -DCMAKE_INSTALL_PREFIX=/home/bobbili-jiten-reddy/nidar_ws/install/px4_ros_com
[188.635s] DEBUG:colcon.colcon_core.event_handler.log_command:Invoked command in '/home/bobbili-jiten-reddy/nidar_ws/build/px4_ros_com' returned '0': AMENT_PREFIX_PATH=/home/bobbili-jiten-reddy/nidar_ws/install/px4_msgs:${AMENT_PREFIX_PATH} CMAKE_PREFIX_PATH=/home/bobbili-jiten-reddy/nidar_ws/install/px4_msgs:/opt/ros/jazzy/opt/gz_sim_vendor:/opt/ros/jazzy/opt/gz_sensors_vendor:/opt/ros/jazzy/opt/gz_physics_vendor:/opt/ros/jazzy/opt/sdformat_vendor:/opt/ros/jazzy/opt/gz_gui_vendor:/opt/ros/jazzy/opt/gz_transport_vendor:/opt/ros/jazzy/opt/gz_rendering_vendor:/opt/ros/jazzy/opt/gz_plugin_vendor:/opt/ros/jazzy/opt/gz_fuel_tools_vendor:/opt/ros/jazzy/opt/gz_msgs_vendor:/opt/ros/jazzy/opt/gz_common_vendor:/opt/ros/jazzy/opt/gz_math_vendor:/opt/ros/jazzy/opt/gz_utils_vendor:/opt/ros/jazzy/opt/gz_tools_vendor:/opt/ros/jazzy/opt/gz_ogre_next_vendor:/opt/ros/jazzy/opt/gz_dartsim_vendor:/opt/ros/jazzy/opt/gz_cmake_vendor:/opt/ros/jazzy DEBUGINFOD_URLS=https://debuginfod.ubuntu.com LD_LIBRARY_PATH=/home/bobbili-jiten-reddy/nidar_ws/install/px4_msgs/lib:${LD_LIBRARY_PATH} PYTHONPATH=/home/bobbili-jiten-reddy/nidar_ws/install/px4_msgs/lib/python3.12/site-packages:${PYTHONPATH} /usr/bin/cmake /home/bobbili-jiten-reddy/nidar_ws/src/px4_ros_com -DCMAKE_INSTALL_PREFIX=/home/bobbili-jiten-reddy/nidar_ws/install/px4_ros_com
[188.635s] DEBUG:colcon.colcon_core.event_handler.log_command:Invoking command in '/home/bobbili-jiten-reddy/nidar_ws/build/px4_ros_com': AMENT_PREFIX_PATH=/home/bobbili-jiten-reddy/nidar_ws/install/px4_msgs:${AMENT_PREFIX_PATH} CMAKE_PREFIX_PATH=/home/bobbili-jiten-reddy/nidar_ws/install/px4_msgs:/opt/ros/jazzy/opt/gz_sim_vendor:/opt/ros/jazzy/opt/gz_sensors_vendor:/opt/ros/jazzy/opt/gz_physics_vendor:/opt/ros/jazzy/opt/sdformat_vendor:/opt/ros/jazzy/opt/gz_gui_vendor:/opt/ros/jazzy/opt/gz_transport_vendor:/opt/ros/jazzy/opt/gz_rendering_vendor:/opt/ros/jazzy/opt/gz_plugin_vendor:/opt/ros/jazzy/opt/gz_fuel_tools_vendor:/opt/ros/jazzy/opt/gz_msgs_vendor:/opt/ros/jazzy/opt/gz_common_vendor:/opt/ros/jazzy/opt/gz_math_vendor:/opt/ros/jazzy/opt/gz_utils_vendor:/opt/ros/jazzy/opt/gz_tools_vendor:/opt/ros/jazzy/opt/gz_ogre_next_vendor:/opt/ros/jazzy/opt/gz_dartsim_vendor:/opt/ros/jazzy/opt/gz_cmake_vendor:/opt/ros/jazzy DEBUGINFOD_URLS=https://debuginfod.ubuntu.com LD_LIBRARY_PATH=/home/bobbili-jiten-reddy/nidar_ws/install/px4_msgs/lib:${LD_LIBRARY_PATH} PYTHONPATH=/home/bobbili-jiten-reddy/nidar_ws/install/px4_msgs/lib/python3.12/site-packages:${PYTHONPATH} /usr/bin/cmake --build /home/bobbili-jiten-reddy/nidar_ws/build/px4_ros_com -- -j16 -l16
[195.766s] DEBUG:colcon.colcon_core.event_handler.log_command:Invoked command in '/home/bobbili-jiten-reddy/nidar_ws/build/px4_ros_com' returned '0': AMENT_PREFIX_PATH=/home/bobbili-jiten-reddy/nidar_ws/install/px4_msgs:${AMENT_PREFIX_PATH} CMAKE_PREFIX_PATH=/home/bobbili-jiten-reddy/nidar_ws/install/px4_msgs:/opt/ros/jazzy/opt/gz_sim_vendor:/opt/ros/jazzy/opt/gz_sensors_vendor:/opt/ros/jazzy/opt/gz_physics_vendor:/opt/ros/jazzy/opt/sdformat_vendor:/opt/ros/jazzy/opt/gz_gui_vendor:/opt/ros/jazzy/opt/gz_transport_vendor:/opt/ros/jazzy/opt/gz_rendering_vendor:/opt/ros/jazzy/opt/gz_plugin_vendor:/opt/ros/jazzy/opt/gz_fuel_tools_vendor:/opt/ros/jazzy/opt/gz_msgs_vendor:/opt/ros/jazzy/opt/gz_common_vendor:/opt/ros/jazzy/opt/gz_math_vendor:/opt/ros/jazzy/opt/gz_utils_vendor:/opt/ros/jazzy/opt/gz_tools_vendor:/opt/ros/jazzy/opt/gz_ogre_next_vendor:/opt/ros/jazzy/opt/gz_dartsim_vendor:/opt/ros/jazzy/opt/gz_cmake_vendor:/opt/ros/jazzy DEBUGINFOD_URLS=https://debuginfod.ubuntu.com LD_LIBRARY_PATH=/home/bobbili-jiten-reddy/nidar_ws/install/px4_msgs/lib:${LD_LIBRARY_PATH} PYTHONPATH=/home/bobbili-jiten-reddy/nidar_ws/install/px4_msgs/lib/python3.12/site-packages:${PYTHONPATH} /usr/bin/cmake --build /home/bobbili-jiten-reddy/nidar_ws/build/px4_ros_com -- -j16 -l16
[195.767s] DEBUG:colcon.colcon_core.event_handler.log_command:Invoking command in '/home/bobbili-jiten-reddy/nidar_ws/build/px4_ros_com': AMENT_PREFIX_PATH=/home/bobbili-jiten-reddy/nidar_ws/install/px4_msgs:${AMENT_PREFIX_PATH} CMAKE_PREFIX_PATH=/home/bobbili-jiten-reddy/nidar_ws/install/px4_msgs:/opt/ros/jazzy/opt/gz_sim_vendor:/opt/ros/jazzy/opt/gz_sensors_vendor:/opt/ros/jazzy/opt/gz_physics_vendor:/opt/ros/jazzy/opt/sdformat_vendor:/opt/ros/jazzy/opt/gz_gui_vendor:/opt/ros/jazzy/opt/gz_transport_vendor:/opt/ros/jazzy/opt/gz_rendering_vendor:/opt/ros/jazzy/opt/gz_plugin_vendor:/opt/ros/jazzy/opt/gz_fuel_tools_vendor:/opt/ros/jazzy/opt/gz_msgs_vendor:/opt/ros/jazzy/opt/gz_common_vendor:/opt/ros/jazzy/opt/gz_math_vendor:/opt/ros/jazzy/opt/gz_utils_vendor:/opt/ros/jazzy/opt/gz_tools_vendor:/opt/ros/jazzy/opt/gz_ogre_next_vendor:/opt/ros/jazzy/opt/gz_dartsim_vendor:/opt/ros/jazzy/opt/gz_cmake_vendor:/opt/ros/jazzy DEBUGINFOD_URLS=https://debuginfod.ubuntu.com LD_LIBRARY_PATH=/home/bobbili-jiten-reddy/nidar_ws/install/px4_msgs/lib:${LD_LIBRARY_PATH} PYTHONPATH=/home/bobbili-jiten-reddy/nidar_ws/install/px4_msgs/lib/python3.12/site-packages:${PYTHONPATH} /usr/bin/cmake --install /home/bobbili-jiten-reddy/nidar_ws/build/px4_ros_com
[195.841s] Level 1:colcon.colcon_core.environment:create_environment_scripts_only(px4_ros_com)
[195.842s] Level 1:colcon.colcon_core.environment:checking '/home/bobbili-jiten-reddy/nidar_ws/install/px4_ros_com' for CMake module files
[195.842s] DEBUG:colcon.colcon_core.event_handler.log_command:Invoked command in '/home/bobbili-jiten-reddy/nidar_ws/build/px4_ros_com' returned '0': AMENT_PREFIX_PATH=/home/bobbili-jiten-reddy/nidar_ws/install/px4_msgs:${AMENT_PREFIX_PATH} CMAKE_PREFIX_PATH=/home/bobbili-jiten-reddy/nidar_ws/install/px4_msgs:/opt/ros/jazzy/opt/gz_sim_vendor:/opt/ros/jazzy/opt/gz_sensors_vendor:/opt/ros/jazzy/opt/gz_physics_vendor:/opt/ros/jazzy/opt/sdformat_vendor:/opt/ros/jazzy/opt/gz_gui_vendor:/opt/ros/jazzy/opt/gz_transport_vendor:/opt/ros/jazzy/opt/gz_rendering_vendor:/opt/ros/jazzy/opt/gz_plugin_vendor:/opt/ros/jazzy/opt/gz_fuel_tools_vendor:/opt/ros/jazzy/opt/gz_msgs_vendor:/opt/ros/jazzy/opt/gz_common_vendor:/opt/ros/jazzy/opt/gz_math_vendor:/opt/ros/jazzy/opt/gz_utils_vendor:/opt/ros/jazzy/opt/gz_tools_vendor:/opt/ros/jazzy/opt/gz_ogre_next_vendor:/opt/ros/jazzy/opt/gz_dartsim_vendor:/opt/ros/jazzy/opt/gz_cmake_vendor:/opt/ros/jazzy DEBUGINFOD_URLS=https://debuginfod.ubuntu.com LD_LIBRARY_PATH=/home/bobbili-jiten-reddy/nidar_ws/install/px4_msgs/lib:${LD_LIBRARY_PATH} PYTHONPATH=/home/bobbili-jiten-reddy/nidar_ws/install/px4_msgs/lib/python3.12/site-packages:${PYTHONPATH} /usr/bin/cmake --install /home/bobbili-jiten-reddy/nidar_ws/build/px4_ros_com
[195.843s] Level 1:colcon.colcon_core.environment:checking '/home/bobbili-jiten-reddy/nidar_ws/install/px4_ros_com' for CMake config files
[195.843s] Level 1:colcon.colcon_core.shell:create_environment_hook('px4_ros_com', 'cmake_prefix_path')
[195.843s] INFO:colcon.colcon_core.shell:Creating environment hook '/home/bobbili-jiten-reddy/nidar_ws/install/px4_ros_com/share/px4_ros_com/hook/cmake_prefix_path.ps1'
[195.843s] INFO:colcon.colcon_core.shell:Creating environment descriptor '/home/bobbili-jiten-reddy/nidar_ws/install/px4_ros_com/share/px4_ros_com/hook/cmake_prefix_path.dsv'
[195.844s] INFO:colcon.colcon_core.shell:Creating environment hook '/home/bobbili-jiten-reddy/nidar_ws/install/px4_ros_com/share/px4_ros_com/hook/cmake_prefix_path.sh'
[195.844s] Level 1:colcon.colcon_core.environment:checking '/home/bobbili-jiten-reddy/nidar_ws/install/px4_ros_com/lib'
[195.844s] Level 1:colcon.colcon_core.shell:create_environment_hook('px4_ros_com', 'ld_library_path_lib')
[195.844s] INFO:colcon.colcon_core.shell:Creating environment hook '/home/bobbili-jiten-reddy/nidar_ws/install/px4_ros_com/share/px4_ros_com/hook/ld_library_path_lib.ps1'
[195.844s] INFO:colcon.colcon_core.shell:Creating environment descriptor '/home/bobbili-jiten-reddy/nidar_ws/install/px4_ros_com/share/px4_ros_com/hook/ld_library_path_lib.dsv'
[195.845s] INFO:colcon.colcon_core.shell:Creating environment hook '/home/bobbili-jiten-reddy/nidar_ws/install/px4_ros_com/share/px4_ros_com/hook/ld_library_path_lib.sh'
[195.845s] Level 1:colcon.colcon_core.environment:checking '/home/bobbili-jiten-reddy/nidar_ws/install/px4_ros_com/bin'
[195.845s] Level 1:colcon.colcon_core.environment:checking '/home/bobbili-jiten-reddy/nidar_ws/install/px4_ros_com/lib/pkgconfig/px4_ros_com.pc'
[195.845s] Level 1:colcon.colcon_core.environment:checking '/home/bobbili-jiten-reddy/nidar_ws/install/px4_ros_com/lib/python3.12/site-packages'
[195.845s] Level 1:colcon.colcon_core.shell:create_environment_hook('px4_ros_com', 'pythonpath')
[195.845s] INFO:colcon.colcon_core.shell:Creating environment hook '/home/bobbili-jiten-reddy/nidar_ws/install/px4_ros_com/share/px4_ros_com/hook/pythonpath.ps1'
[195.846s] INFO:colcon.colcon_core.shell:Creating environment descriptor '/home/bobbili-jiten-reddy/nidar_ws/install/px4_ros_com/share/px4_ros_com/hook/pythonpath.dsv'
[195.846s] INFO:colcon.colcon_core.shell:Creating environment hook '/home/bobbili-jiten-reddy/nidar_ws/install/px4_ros_com/share/px4_ros_com/hook/pythonpath.sh'
[195.846s] Level 1:colcon.colcon_core.environment:checking '/home/bobbili-jiten-reddy/nidar_ws/install/px4_ros_com/bin'
[195.846s] INFO:colcon.colcon_core.shell:Creating package script '/home/bobbili-jiten-reddy/nidar_ws/install/px4_ros_com/share/px4_ros_com/package.ps1'
[195.847s] INFO:colcon.colcon_core.shell:Creating package descriptor '/home/bobbili-jiten-reddy/nidar_ws/install/px4_ros_com/share/px4_ros_com/package.dsv'
[195.847s] INFO:colcon.colcon_core.shell:Creating package script '/home/bobbili-jiten-reddy/nidar_ws/install/px4_ros_com/share/px4_ros_com/package.sh'
[195.847s] INFO:colcon.colcon_core.shell:Creating package script '/home/bobbili-jiten-reddy/nidar_ws/install/px4_ros_com/share/px4_ros_com/package.bash'
[195.848s] INFO:colcon.colcon_core.shell:Creating package script '/home/bobbili-jiten-reddy/nidar_ws/install/px4_ros_com/share/px4_ros_com/package.zsh'
[195.848s] Level 1:colcon.colcon_core.environment:create_file_with_runtime_dependencies(/home/bobbili-jiten-reddy/nidar_ws/install/px4_ros_com/share/colcon-core/packages/px4_ros_com)
[195.848s] Level 1:colcon.colcon_core.environment:create_environment_scripts_only(px4_ros_com)
[195.848s] Level 1:colcon.colcon_core.environment:checking '/home/bobbili-jiten-reddy/nidar_ws/install/px4_ros_com' for CMake module files
[195.849s] Level 1:colcon.colcon_core.environment:checking '/home/bobbili-jiten-reddy/nidar_ws/install/px4_ros_com' for CMake config files
[195.849s] Level 1:colcon.colcon_core.shell:create_environment_hook('px4_ros_com', 'cmake_prefix_path')
[195.849s] INFO:colcon.colcon_core.shell:Creating environment hook '/home/bobbili-jiten-reddy/nidar_ws/install/px4_ros_com/share/px4_ros_com/hook/cmake_prefix_path.ps1'
[195.849s] INFO:colcon.colcon_core.shell:Creating environment descriptor '/home/bobbili-jiten-reddy/nidar_ws/install/px4_ros_com/share/px4_ros_com/hook/cmake_prefix_path.dsv'
[195.850s] INFO:colcon.colcon_core.shell:Creating environment hook '/home/bobbili-jiten-reddy/nidar_ws/install/px4_ros_com/share/px4_ros_com/hook/cmake_prefix_path.sh'
[195.850s] Level 1:colcon.colcon_core.environment:checking '/home/bobbili-jiten-reddy/nidar_ws/install/px4_ros_com/lib'
[195.850s] Level 1:colcon.colcon_core.shell:create_environment_hook('px4_ros_com', 'ld_library_path_lib')
[195.850s] INFO:colcon.colcon_core.shell:Creating environment hook '/home/bobbili-jiten-reddy/nidar_ws/install/px4_ros_com/share/px4_ros_com/hook/ld_library_path_lib.ps1'
[195.850s] INFO:colcon.colcon_core.shell:Creating environment descriptor '/home/bobbili-jiten-reddy/nidar_ws/install/px4_ros_com/share/px4_ros_com/hook/ld_library_path_lib.dsv'
[195.851s] INFO:colcon.colcon_core.shell:Creating environment hook '/home/bobbili-jiten-reddy/nidar_ws/install/px4_ros_com/share/px4_ros_com/hook/ld_library_path_lib.sh'
[195.851s] Level 1:colcon.colcon_core.environment:checking '/home/bobbili-jiten-reddy/nidar_ws/install/px4_ros_com/bin'
[195.851s] Level 1:colcon.colcon_core.environment:checking '/home/bobbili-jiten-reddy/nidar_ws/install/px4_ros_com/lib/pkgconfig/px4_ros_com.pc'
[195.851s] Level 1:colcon.colcon_core.environment:checking '/home/bobbili-jiten-reddy/nidar_ws/install/px4_ros_com/lib/python3.12/site-packages'
[195.851s] Level 1:colcon.colcon_core.shell:create_environment_hook('px4_ros_com', 'pythonpath')
[195.851s] INFO:colcon.colcon_core.shell:Creating environment hook '/home/bobbili-jiten-reddy/nidar_ws/install/px4_ros_com/share/px4_ros_com/hook/pythonpath.ps1'
[195.851s] INFO:colcon.colcon_core.shell:Creating environment descriptor '/home/bobbili-jiten-reddy/nidar_ws/install/px4_ros_com/share/px4_ros_com/hook/pythonpath.dsv'
[195.852s] INFO:colcon.colcon_core.shell:Creating environment hook '/home/bobbili-jiten-reddy/nidar_ws/install/px4_ros_com/share/px4_ros_com/hook/pythonpath.sh'
[195.852s] Level 1:colcon.colcon_core.environment:checking '/home/bobbili-jiten-reddy/nidar_ws/install/px4_ros_com/bin'
[195.852s] INFO:colcon.colcon_core.shell:Creating package script '/home/bobbili-jiten-reddy/nidar_ws/install/px4_ros_com/share/px4_ros_com/package.ps1'
[195.853s] INFO:colcon.colcon_core.shell:Creating package descriptor '/home/bobbili-jiten-reddy/nidar_ws/install/px4_ros_com/share/px4_ros_com/package.dsv'
[195.853s] INFO:colcon.colcon_core.shell:Creating package script '/home/bobbili-jiten-reddy/nidar_ws/install/px4_ros_com/share/px4_ros_com/package.sh'
[195.853s] INFO:colcon.colcon_core.shell:Creating package script '/home/bobbili-jiten-reddy/nidar_ws/install/px4_ros_com/share/px4_ros_com/package.bash'
[195.854s] INFO:colcon.colcon_core.shell:Creating package script '/home/bobbili-jiten-reddy/nidar_ws/install/px4_ros_com/share/px4_ros_com/package.zsh'
[195.854s] Level 1:colcon.colcon_core.environment:create_file_with_runtime_dependencies(/home/bobbili-jiten-reddy/nidar_ws/install/px4_ros_com/share/colcon-core/packages/px4_ros_com)
[195.854s] DEBUG:colcon.colcon_parallel_executor.executor.parallel:closing loop
[195.854s] DEBUG:colcon.colcon_parallel_executor.executor.parallel:loop closed
[195.854s] DEBUG:colcon.colcon_parallel_executor.executor.parallel:run_until_complete finished with '0'
[195.854s] DEBUG:colcon.colcon_core.event_reactor:joining thread
[195.862s] INFO:colcon.colcon_core.plugin_system:Skipping extension 'colcon_notification.desktop_notification.terminal_notifier': Not used on non-Darwin systems
[195.862s] INFO:colcon.colcon_core.plugin_system:Skipping extension 'colcon_notification.desktop_notification.win32': Not used on non-Windows systems
[195.862s] INFO:colcon.colcon_notification.desktop_notification:Sending desktop notification using 'notify2'
[195.881s] DEBUG:colcon.colcon_core.event_reactor:joined thread
[195.881s] INFO:colcon.colcon_core.shell:Creating prefix script '/home/bobbili-jiten-reddy/nidar_ws/install/local_setup.ps1'
[195.882s] INFO:colcon.colcon_core.shell:Creating prefix util module '/home/bobbili-jiten-reddy/nidar_ws/install/_local_setup_util_ps1.py'
[195.883s] INFO:colcon.colcon_core.shell:Creating prefix chain script '/home/bobbili-jiten-reddy/nidar_ws/install/setup.ps1'
[195.884s] INFO:colcon.colcon_core.shell:Creating prefix script '/home/bobbili-jiten-reddy/nidar_ws/install/local_setup.sh'
[195.885s] INFO:colcon.colcon_core.shell:Creating prefix util module '/home/bobbili-jiten-reddy/nidar_ws/install/_local_setup_util_sh.py'
[195.885s] INFO:colcon.colcon_core.shell:Creating prefix chain script '/home/bobbili-jiten-reddy/nidar_ws/install/setup.sh'
[195.886s] INFO:colcon.colcon_core.shell:Creating prefix script '/home/bobbili-jiten-reddy/nidar_ws/install/local_setup.bash'
[195.887s] INFO:colcon.colcon_core.shell:Creating prefix chain script '/home/bobbili-jiten-reddy/nidar_ws/install/setup.bash'
[195.887s] INFO:colcon.colcon_core.shell:Creating prefix script '/home/bobbili-jiten-reddy/nidar_ws/install/local_setup.zsh'
[195.888s] INFO:colcon.colcon_core.shell:Creating prefix chain script '/home/bobbili-jiten-reddy/nidar_ws/install/setup.zsh'
