[0.806s] Invoking command in '/home/bobbili-jiten-reddy/nidar_ws/src/my_pkg': DEBUGINFOD_URLS=https://debuginfod.ubuntu.com PYTHONPATH=/home/bobbili-jiten-reddy/nidar_ws/build/my_pkg/prefix_override:/usr/lib/python3/dist-packages/colcon_core/task/python/colcon_distutils_commands:/home/bobbili-jiten-reddy/nidar_ws/install/my_pkg/lib/python3.12/site-packages:${PYTHONPATH} /usr/bin/python3 -W ignore:setup.py install is deprecated -W ignore:easy_install command is deprecated setup.py egg_info --egg-base ../../build/my_pkg build --build-base /home/bobbili-jiten-reddy/nidar_ws/build/my_pkg/build install --record /home/bobbili-jiten-reddy/nidar_ws/build/my_pkg/install.log --single-version-externally-managed install_data
[1.059s] running egg_info
[1.078s] writing ../../build/my_pkg/my_pkg.egg-info/PKG-INFO
[1.078s] writing dependency_links to ../../build/my_pkg/my_pkg.egg-info/dependency_links.txt
[1.078s] writing entry points to ../../build/my_pkg/my_pkg.egg-info/entry_points.txt
[1.078s] writing requirements to ../../build/my_pkg/my_pkg.egg-info/requires.txt
[1.078s] writing top-level names to ../../build/my_pkg/my_pkg.egg-info/top_level.txt
[1.119s] reading manifest file '../../build/my_pkg/my_pkg.egg-info/SOURCES.txt'
[1.120s] writing manifest file '../../build/my_pkg/my_pkg.egg-info/SOURCES.txt'
[1.120s] running build
[1.120s] running build_py
[1.120s] running install
[1.125s] running install_lib
[1.146s] running install_data
[1.146s] running install_egg_info
[1.167s] removing '/home/bobbili-jiten-reddy/nidar_ws/install/my_pkg/lib/python3.12/site-packages/my_pkg-0.0.0-py3.12.egg-info' (and everything under it)
[1.167s] Copying ../../build/my_pkg/my_pkg.egg-info to /home/bobbili-jiten-reddy/nidar_ws/install/my_pkg/lib/python3.12/site-packages/my_pkg-0.0.0-py3.12.egg-info
[1.168s] running install_scripts
[1.297s] Installing altitude_listener script to /home/bobbili-jiten-reddy/nidar_ws/install/my_pkg/lib/my_pkg
[1.297s] writing list of installed files to '/home/bobbili-jiten-reddy/nidar_ws/build/my_pkg/install.log'
[1.323s] Invoked command in '/home/bobbili-jiten-reddy/nidar_ws/src/my_pkg' returned '0': DEBUGINFOD_URLS=https://debuginfod.ubuntu.com PYTHONPATH=/home/bobbili-jiten-reddy/nidar_ws/build/my_pkg/prefix_override:/usr/lib/python3/dist-packages/colcon_core/task/python/colcon_distutils_commands:/home/bobbili-jiten-reddy/nidar_ws/install/my_pkg/lib/python3.12/site-packages:${PYTHONPATH} /usr/bin/python3 -W ignore:setup.py install is deprecated -W ignore:easy_install command is deprecated setup.py egg_info --egg-base ../../build/my_pkg build --build-base /home/bobbili-jiten-reddy/nidar_ws/build/my_pkg/build install --record /home/bobbili-jiten-reddy/nidar_ws/build/my_pkg/install.log --single-version-externally-managed install_data
